F, [2011-09-21T20:15:49.803444 #15142] FATAL -- : can't convert true into String (TypeError)
/Library/Ruby/Gems/1.8/gems/open4-1.1.0/lib/open4.rb:37:in `exec'
/Library/Ruby/Gems/1.8/gems/open4-1.1.0/lib/open4.rb:37:in `popen4'
/Library/Ruby/Gems/1.8/gems/open4-1.1.0/lib/open4.rb:21:in `fork'
/Library/Ruby/Gems/1.8/gems/open4-1.1.0/lib/open4.rb:21:in `popen4'
../bin/../lib/minecraft.rb:145:in `start'
../bin/../lib/minecraft.rb:241:in `time_operation'
../bin/../lib/minecraft.rb:141:in `start'
../bin/minecraftctlserver:126:in `run'
/Library/Ruby/Gems/1.8/gems/main-4.7.3/lib/main/program/class_methods.rb:155:in `run!'
/Library/Ruby/Gems/1.8/gems/main-4.7.3/lib/main/program/class_methods.rb:155:in `run'
/Library/Ruby/Gems/1.8/gems/main-4.7.3/lib/main/program/class_methods.rb:144:in `catch'
/Library/Ruby/Gems/1.8/gems/main-4.7.3/lib/main/program/class_methods.rb:144:in `run'
/Library/Ruby/Gems/1.8/gems/main-4.7.3/lib/main/factories.rb:18:in `run'
/Library/Ruby/Gems/1.8/gems/main-4.7.3/lib/main/factories.rb:25:in `Main'
../bin/minecraftctlserver:73
== Sinatra/1.2.6 has taken the stage on 25560 for development with backup from Mongrel
Wed Sep 21 20:21:19 +0200 2011: Reaping 1 threads for slow workers because of 'shutdown'
Waiting for 1 requests to finish, could take 60.0 seconds.

== Sinatra has ended his set (crowd applauds)
[2011-09-21 20:23:12] INFO  WEBrick 1.3.1
[2011-09-21 20:23:12] INFO  ruby 1.8.7 (2009-06-12) [universal-darwin10.0]
[2011-09-21 20:23:12] INFO  WEBrick::HTTPServer#start: pid=15183 port=25560
[2011-09-21 20:23:41] INFO  WEBrick 1.3.1
[2011-09-21 20:23:41] INFO  ruby 1.8.7 (2009-06-12) [universal-darwin10.0]
[2011-09-21 20:23:41] WARN  TCPServer Error: Address already in use - bind(2)
== Sinatra/1.2.6 has taken the stage on 25560 for development with backup from WEBrick
== Someone is already performing on port 25560!
[2011-09-21 20:24:39] INFO  WEBrick 1.3.1
[2011-09-21 20:24:39] INFO  ruby 1.8.7 (2009-06-12) [universal-darwin10.0]
[2011-09-21 20:24:39] WARN  TCPServer Error: Address already in use - bind(2)
== Sinatra/1.2.6 has taken the stage on 25560 for development with backup from WEBrick
== Someone is already performing on port 25560!
localhost - - [21/Sep/2011:20:25:16 CEST] "GET /status HTTP/1.1" 404 443
- -> /status
[2011-09-21 20:25:18] INFO  WEBrick 1.3.1
[2011-09-21 20:25:18] INFO  ruby 1.8.7 (2009-06-12) [universal-darwin10.0]
[2011-09-21 20:25:18] WARN  TCPServer Error: Address already in use - bind(2)
== Sinatra/1.2.6 has taken the stage on 25560 for development with backup from WEBrick
== Someone is already performing on port 25560!
localhost - - [21/Sep/2011:20:25:39 CEST] "POST /shutdown HTTP/1.1" 200 108
- -> /shutdown
[2011-09-21 20:25:41] INFO  going to shutdown ...
[2011-09-21 20:25:41] INFO  WEBrick::HTTPServer#start done.
== Sinatra/1.2.6 has taken the stage on 25560 for development with backup from WEBrick

== Sinatra has ended his set (crowd applauds)
[2011-09-21 20:30:25] INFO  WEBrick 1.3.1
[2011-09-21 20:30:25] INFO  ruby 1.8.7 (2009-06-12) [universal-darwin10.0]
[2011-09-21 20:30:25] INFO  WEBrick::HTTPServer#start: pid=15279 port=25560
localhost - - [21/Sep/2011:20:30:25 CEST] "GET /status HTTP/1.1" 404 443
- -> /status
localhost - - [21/Sep/2011:20:34:26 CEST] "GET /status HTTP/1.1" 404 443
- -> /status
localhost - - [21/Sep/2011:20:35:10 CEST] "GET /status HTTP/1.1" 404 443
- -> /status
== Sinatra/1.2.6 has taken the stage on 25560 for development with backup from Mongrel
== Someone is already performing on port 25560!
localhost - - [21/Sep/2011:20:36:16 CEST] "GET / HTTP/1.1" 404 437
- -> /
localhost - - [21/Sep/2011:20:36:25 CEST] "GET /status HTTP/1.1" 404 443
- -> /status
localhost - - [21/Sep/2011:20:36:30 CEST] "GET /log HTTP/1.1" 200 969
- -> /log
localhost - - [21/Sep/2011:20:36:35 CEST] "GET /status HTTP/1.1" 404 443
- -> /status
localhost - - [21/Sep/2011:20:36:42 CEST] "GET /shutdown HTTP/1.1" 404 445
- -> /shutdown
localhost - - [21/Sep/2011:20:37:48 CEST] "POST /shutdown HTTP/1.1" 200 108
- -> /shutdown
[2011-09-21 20:37:50] INFO  going to shutdown ...
localhost - - [21/Sep/2011:20:37:50 CEST] "POST /shutdown HTTP/1.1" 200 23
- -> /shutdown
[2011-09-21 20:37:50] INFO  WEBrick::HTTPServer#start done.
== Sinatra/1.2.6 has taken the stage on 25560 for development with backup from WEBrick

== Sinatra has ended his set (crowd applauds)
Wed Sep 21 20:39:25 +0200 2011: Reaping 1 threads for slow workers because of 'shutdown'
Waiting for 1 requests to finish, could take 60.0 seconds.
== Sinatra/1.2.6 has taken the stage on 25560 for development with backup from Mongrel

== Sinatra has ended his set (crowd applauds)
SyntaxError - compile error
../bin/minecraftctlserver:210: syntax error, unexpected ':', expecting ')'
...ft server is running with pid: @pid
                              ^:
 ../bin/minecraftctlserver:215:in `evaluate_source'
 /Library/Ruby/Gems/1.8/gems/tilt-1.3.3/lib/tilt/template.rb:144:in `cached_evaluate'
 /Library/Ruby/Gems/1.8/gems/tilt-1.3.3/lib/tilt/template.rb:127:in `evaluate'
 /Library/Ruby/Gems/1.8/gems/tilt-1.3.3/lib/tilt/haml.rb:24:in `evaluate'
 /Library/Ruby/Gems/1.8/gems/tilt-1.3.3/lib/tilt/template.rb:76:in `render'
 /Library/Ruby/Gems/1.8/gems/sinatra-1.2.6/lib/sinatra/base.rb:563:in `render'
 /Library/Ruby/Gems/1.8/gems/sinatra-1.2.6/lib/sinatra/base.rb:463:in `haml'
 ../bin/minecraftctlserver:194:in `GET /status'
 /Library/Ruby/Gems/1.8/gems/sinatra-1.2.6/lib/sinatra/base.rb:1151:in `call'
 /Library/Ruby/Gems/1.8/gems/sinatra-1.2.6/lib/sinatra/base.rb:1151:in `compile!'
 /Library/Ruby/Gems/1.8/gems/sinatra-1.2.6/lib/sinatra/base.rb:724:in `instance_eval'
 /Library/Ruby/Gems/1.8/gems/sinatra-1.2.6/lib/sinatra/base.rb:724:in `route_eval'
 /Library/Ruby/Gems/1.8/gems/sinatra-1.2.6/lib/sinatra/base.rb:708:in `route!'
 /Library/Ruby/Gems/1.8/gems/sinatra-1.2.6/lib/sinatra/base.rb:758:in `process_route'
 /Library/Ruby/Gems/1.8/gems/sinatra-1.2.6/lib/sinatra/base.rb:755:in `catch'
 /Library/Ruby/Gems/1.8/gems/sinatra-1.2.6/lib/sinatra/base.rb:755:in `process_route'
 /Library/Ruby/Gems/1.8/gems/sinatra-1.2.6/lib/sinatra/base.rb:707:in `route!'
 /Library/Ruby/Gems/1.8/gems/sinatra-1.2.6/lib/sinatra/base.rb:706:in `each'
 /Library/Ruby/Gems/1.8/gems/sinatra-1.2.6/lib/sinatra/base.rb:706:in `route!'
 /Library/Ruby/Gems/1.8/gems/sinatra-1.2.6/lib/sinatra/base.rb:843:in `dispatch!'
 /Library/Ruby/Gems/1.8/gems/sinatra-1.2.6/lib/sinatra/base.rb:644:in `call!'
 /Library/Ruby/Gems/1.8/gems/sinatra-1.2.6/lib/sinatra/base.rb:808:in `instance_eval'
 /Library/Ruby/Gems/1.8/gems/sinatra-1.2.6/lib/sinatra/base.rb:808:in `invoke'
 /Library/Ruby/Gems/1.8/gems/sinatra-1.2.6/lib/sinatra/base.rb:808:in `catch'
 /Library/Ruby/Gems/1.8/gems/sinatra-1.2.6/lib/sinatra/base.rb:808:in `invoke'
 /Library/Ruby/Gems/1.8/gems/sinatra-1.2.6/lib/sinatra/base.rb:644:in `call!'
 /Library/Ruby/Gems/1.8/gems/sinatra-1.2.6/lib/sinatra/base.rb:629:in `call'
 /Library/Ruby/Gems/1.8/gems/rack-1.3.2/lib/rack/head.rb:9:in `call'
 /Library/Ruby/Gems/1.8/gems/sinatra-1.2.6/lib/sinatra/showexceptions.rb:21:in `call'
 /Library/Ruby/Gems/1.8/gems/sinatra-1.2.6/lib/sinatra/base.rb:1272:in `call'
 /Library/Ruby/Gems/1.8/gems/sinatra-1.2.6/lib/sinatra/base.rb:1303:in `synchronize'
 /Library/Ruby/Gems/1.8/gems/sinatra-1.2.6/lib/sinatra/base.rb:1272:in `call'
 /Library/Ruby/Gems/1.8/gems/rack-1.3.2/lib/rack/handler/mongrel.rb:77:in `process'
 /System/Library/Frameworks/Ruby.framework/Versions/1.8/usr/lib/ruby/gems/1.8/gems/mongrel-1.1.5/lib/mongrel.rb:159:in `process_client'
 /System/Library/Frameworks/Ruby.framework/Versions/1.8/usr/lib/ruby/gems/1.8/gems/mongrel-1.1.5/lib/mongrel.rb:158:in `each'
 /System/Library/Frameworks/Ruby.framework/Versions/1.8/usr/lib/ruby/gems/1.8/gems/mongrel-1.1.5/lib/mongrel.rb:158:in `process_client'
 /System/Library/Frameworks/Ruby.framework/Versions/1.8/usr/lib/ruby/gems/1.8/gems/mongrel-1.1.5/lib/mongrel.rb:285:in `run'
 /System/Library/Frameworks/Ruby.framework/Versions/1.8/usr/lib/ruby/gems/1.8/gems/mongrel-1.1.5/lib/mongrel.rb:285:in `initialize'
 /System/Library/Frameworks/Ruby.framework/Versions/1.8/usr/lib/ruby/gems/1.8/gems/mongrel-1.1.5/lib/mongrel.rb:285:in `new'
 /System/Library/Frameworks/Ruby.framework/Versions/1.8/usr/lib/ruby/gems/1.8/gems/mongrel-1.1.5/lib/mongrel.rb:285:in `run'
 /System/Library/Frameworks/Ruby.framework/Versions/1.8/usr/lib/ruby/gems/1.8/gems/mongrel-1.1.5/lib/mongrel.rb:268:in `initialize'
 /System/Library/Frameworks/Ruby.framework/Versions/1.8/usr/lib/ruby/gems/1.8/gems/mongrel-1.1.5/lib/mongrel.rb:268:in `new'
 /System/Library/Frameworks/Ruby.framework/Versions/1.8/usr/lib/ruby/gems/1.8/gems/mongrel-1.1.5/lib/mongrel.rb:268:in `run'
 /Library/Ruby/Gems/1.8/gems/rack-1.3.2/lib/rack/handler/mongrel.rb:38:in `run'
 /Library/Ruby/Gems/1.8/gems/sinatra-1.2.6/lib/sinatra/base.rb:1234:in `run!'
 ../bin/minecraftctlserver:226:in `run'
 /Library/Ruby/Gems/1.8/gems/main-4.7.3/lib/main/program/class_methods.rb:155:in `run!'
 /Library/Ruby/Gems/1.8/gems/main-4.7.3/lib/main/program/class_methods.rb:155:in `run'
 /Library/Ruby/Gems/1.8/gems/main-4.7.3/lib/main/program/class_methods.rb:144:in `catch'
 /Library/Ruby/Gems/1.8/gems/main-4.7.3/lib/main/program/class_methods.rb:144:in `run'
 /Library/Ruby/Gems/1.8/gems/main-4.7.3/lib/main/factories.rb:18:in `run'
 /Library/Ruby/Gems/1.8/gems/main-4.7.3/lib/main/factories.rb:25:in `Main'
 ../bin/minecraftctlserver:73
Wed Sep 21 20:43:51 +0200 2011: Reaping 1 threads for slow workers because of 'shutdown'
Waiting for 1 requests to finish, could take 60.0 seconds.
F, [2011-09-21T20:43:53.852419 #15352] FATAL -- : undefined method `not_found' for #<#<Class:0x10184f3a8>:0x10183dce8> (NoMethodError)
../bin/minecraftctlserver:226:in `run'
/Library/Ruby/Gems/1.8/gems/main-4.7.3/lib/main/program/class_methods.rb:155:in `run!'
/Library/Ruby/Gems/1.8/gems/main-4.7.3/lib/main/program/class_methods.rb:155:in `run'
/Library/Ruby/Gems/1.8/gems/main-4.7.3/lib/main/program/class_methods.rb:144:in `catch'
/Library/Ruby/Gems/1.8/gems/main-4.7.3/lib/main/program/class_methods.rb:144:in `run'
/Library/Ruby/Gems/1.8/gems/main-4.7.3/lib/main/factories.rb:18:in `run'
/Library/Ruby/Gems/1.8/gems/main-4.7.3/lib/main/factories.rb:25:in `Main'
../bin/minecraftctlserver:73
== Sinatra/1.2.6 has taken the stage on 25560 for development with backup from Mongrel

== Sinatra has ended his set (crowd applauds)
SyntaxError - compile error
../bin/minecraftctlserver:210: syntax error, unexpected ':', expecting ')'
...ft server is running with pid: @pid
                              ^:
 ../bin/minecraftctlserver:215:in `evaluate_source'
 /Library/Ruby/Gems/1.8/gems/tilt-1.3.3/lib/tilt/template.rb:144:in `cached_evaluate'
 /Library/Ruby/Gems/1.8/gems/tilt-1.3.3/lib/tilt/template.rb:127:in `evaluate'
 /Library/Ruby/Gems/1.8/gems/tilt-1.3.3/lib/tilt/haml.rb:24:in `evaluate'
 /Library/Ruby/Gems/1.8/gems/tilt-1.3.3/lib/tilt/template.rb:76:in `render'
 /Library/Ruby/Gems/1.8/gems/sinatra-1.2.6/lib/sinatra/base.rb:563:in `render'
 /Library/Ruby/Gems/1.8/gems/sinatra-1.2.6/lib/sinatra/base.rb:463:in `haml'
 ../bin/minecraftctlserver:194:in `GET /status'
 /Library/Ruby/Gems/1.8/gems/sinatra-1.2.6/lib/sinatra/base.rb:1151:in `call'
 /Library/Ruby/Gems/1.8/gems/sinatra-1.2.6/lib/sinatra/base.rb:1151:in `compile!'
 /Library/Ruby/Gems/1.8/gems/sinatra-1.2.6/lib/sinatra/base.rb:724:in `instance_eval'
 /Library/Ruby/Gems/1.8/gems/sinatra-1.2.6/lib/sinatra/base.rb:724:in `route_eval'
 /Library/Ruby/Gems/1.8/gems/sinatra-1.2.6/lib/sinatra/base.rb:708:in `route!'
 /Library/Ruby/Gems/1.8/gems/sinatra-1.2.6/lib/sinatra/base.rb:758:in `process_route'
 /Library/Ruby/Gems/1.8/gems/sinatra-1.2.6/lib/sinatra/base.rb:755:in `catch'
 /Library/Ruby/Gems/1.8/gems/sinatra-1.2.6/lib/sinatra/base.rb:755:in `process_route'
 /Library/Ruby/Gems/1.8/gems/sinatra-1.2.6/lib/sinatra/base.rb:707:in `route!'
 /Library/Ruby/Gems/1.8/gems/sinatra-1.2.6/lib/sinatra/base.rb:706:in `each'
 /Library/Ruby/Gems/1.8/gems/sinatra-1.2.6/lib/sinatra/base.rb:706:in `route!'
 /Library/Ruby/Gems/1.8/gems/sinatra-1.2.6/lib/sinatra/base.rb:843:in `dispatch!'
 /Library/Ruby/Gems/1.8/gems/sinatra-1.2.6/lib/sinatra/base.rb:644:in `call!'
 /Library/Ruby/Gems/1.8/gems/sinatra-1.2.6/lib/sinatra/base.rb:808:in `instance_eval'
 /Library/Ruby/Gems/1.8/gems/sinatra-1.2.6/lib/sinatra/base.rb:808:in `invoke'
 /Library/Ruby/Gems/1.8/gems/sinatra-1.2.6/lib/sinatra/base.rb:808:in `catch'
 /Library/Ruby/Gems/1.8/gems/sinatra-1.2.6/lib/sinatra/base.rb:808:in `invoke'
 /Library/Ruby/Gems/1.8/gems/sinatra-1.2.6/lib/sinatra/base.rb:644:in `call!'
 /Library/Ruby/Gems/1.8/gems/sinatra-1.2.6/lib/sinatra/base.rb:629:in `call'
 /Library/Ruby/Gems/1.8/gems/rack-1.3.2/lib/rack/head.rb:9:in `call'
 /Library/Ruby/Gems/1.8/gems/sinatra-1.2.6/lib/sinatra/showexceptions.rb:21:in `call'
 /Library/Ruby/Gems/1.8/gems/sinatra-1.2.6/lib/sinatra/base.rb:1272:in `call'
 /Library/Ruby/Gems/1.8/gems/sinatra-1.2.6/lib/sinatra/base.rb:1303:in `synchronize'
 /Library/Ruby/Gems/1.8/gems/sinatra-1.2.6/lib/sinatra/base.rb:1272:in `call'
 /Library/Ruby/Gems/1.8/gems/rack-1.3.2/lib/rack/handler/mongrel.rb:77:in `process'
 /System/Library/Frameworks/Ruby.framework/Versions/1.8/usr/lib/ruby/gems/1.8/gems/mongrel-1.1.5/lib/mongrel.rb:159:in `process_client'
 /System/Library/Frameworks/Ruby.framework/Versions/1.8/usr/lib/ruby/gems/1.8/gems/mongrel-1.1.5/lib/mongrel.rb:158:in `each'
 /System/Library/Frameworks/Ruby.framework/Versions/1.8/usr/lib/ruby/gems/1.8/gems/mongrel-1.1.5/lib/mongrel.rb:158:in `process_client'
 /System/Library/Frameworks/Ruby.framework/Versions/1.8/usr/lib/ruby/gems/1.8/gems/mongrel-1.1.5/lib/mongrel.rb:285:in `run'
 /System/Library/Frameworks/Ruby.framework/Versions/1.8/usr/lib/ruby/gems/1.8/gems/mongrel-1.1.5/lib/mongrel.rb:285:in `initialize'
 /System/Library/Frameworks/Ruby.framework/Versions/1.8/usr/lib/ruby/gems/1.8/gems/mongrel-1.1.5/lib/mongrel.rb:285:in `new'
 /System/Library/Frameworks/Ruby.framework/Versions/1.8/usr/lib/ruby/gems/1.8/gems/mongrel-1.1.5/lib/mongrel.rb:285:in `run'
 /System/Library/Frameworks/Ruby.framework/Versions/1.8/usr/lib/ruby/gems/1.8/gems/mongrel-1.1.5/lib/mongrel.rb:268:in `initialize'
 /System/Library/Frameworks/Ruby.framework/Versions/1.8/usr/lib/ruby/gems/1.8/gems/mongrel-1.1.5/lib/mongrel.rb:268:in `new'
 /System/Library/Frameworks/Ruby.framework/Versions/1.8/usr/lib/ruby/gems/1.8/gems/mongrel-1.1.5/lib/mongrel.rb:268:in `run'
 /Library/Ruby/Gems/1.8/gems/rack-1.3.2/lib/rack/handler/mongrel.rb:38:in `run'
 /Library/Ruby/Gems/1.8/gems/sinatra-1.2.6/lib/sinatra/base.rb:1234:in `run!'
 ../bin/minecraftctlserver:234:in `run'
 /Library/Ruby/Gems/1.8/gems/main-4.7.3/lib/main/program/class_methods.rb:155:in `run!'
 /Library/Ruby/Gems/1.8/gems/main-4.7.3/lib/main/program/class_methods.rb:155:in `run'
 /Library/Ruby/Gems/1.8/gems/main-4.7.3/lib/main/program/class_methods.rb:144:in `catch'
 /Library/Ruby/Gems/1.8/gems/main-4.7.3/lib/main/program/class_methods.rb:144:in `run'
 /Library/Ruby/Gems/1.8/gems/main-4.7.3/lib/main/factories.rb:18:in `run'
 /Library/Ruby/Gems/1.8/gems/main-4.7.3/lib/main/factories.rb:25:in `Main'
 ../bin/minecraftctlserver:73
Wed Sep 21 20:44:45 +0200 2011: Reaping 1 threads for slow workers because of 'shutdown'
Waiting for 1 requests to finish, could take 60.0 seconds.
== Sinatra/1.2.6 has taken the stage on 25560 for development with backup from Mongrel

== Sinatra has ended his set (crowd applauds)
SyntaxError - compile error
../bin/minecraftctlserver:211: syntax error, unexpected ':', expecting ')'
...ft server is running with pid: @pid
                              ^:
 ../bin/minecraftctlserver:216:in `evaluate_source'
 /Library/Ruby/Gems/1.8/gems/tilt-1.3.3/lib/tilt/template.rb:144:in `cached_evaluate'
 /Library/Ruby/Gems/1.8/gems/tilt-1.3.3/lib/tilt/template.rb:127:in `evaluate'
 /Library/Ruby/Gems/1.8/gems/tilt-1.3.3/lib/tilt/haml.rb:24:in `evaluate'
 /Library/Ruby/Gems/1.8/gems/tilt-1.3.3/lib/tilt/template.rb:76:in `render'
 /Library/Ruby/Gems/1.8/gems/sinatra-1.2.6/lib/sinatra/base.rb:563:in `render'
 /Library/Ruby/Gems/1.8/gems/sinatra-1.2.6/lib/sinatra/base.rb:463:in `haml'
 ../bin/minecraftctlserver:195:in `GET /status'
 /Library/Ruby/Gems/1.8/gems/sinatra-1.2.6/lib/sinatra/base.rb:1151:in `call'
 /Library/Ruby/Gems/1.8/gems/sinatra-1.2.6/lib/sinatra/base.rb:1151:in `compile!'
 /Library/Ruby/Gems/1.8/gems/sinatra-1.2.6/lib/sinatra/base.rb:724:in `instance_eval'
 /Library/Ruby/Gems/1.8/gems/sinatra-1.2.6/lib/sinatra/base.rb:724:in `route_eval'
 /Library/Ruby/Gems/1.8/gems/sinatra-1.2.6/lib/sinatra/base.rb:708:in `route!'
 /Library/Ruby/Gems/1.8/gems/sinatra-1.2.6/lib/sinatra/base.rb:758:in `process_route'
 /Library/Ruby/Gems/1.8/gems/sinatra-1.2.6/lib/sinatra/base.rb:755:in `catch'
 /Library/Ruby/Gems/1.8/gems/sinatra-1.2.6/lib/sinatra/base.rb:755:in `process_route'
 /Library/Ruby/Gems/1.8/gems/sinatra-1.2.6/lib/sinatra/base.rb:707:in `route!'
 /Library/Ruby/Gems/1.8/gems/sinatra-1.2.6/lib/sinatra/base.rb:706:in `each'
 /Library/Ruby/Gems/1.8/gems/sinatra-1.2.6/lib/sinatra/base.rb:706:in `route!'
 /Library/Ruby/Gems/1.8/gems/sinatra-1.2.6/lib/sinatra/base.rb:843:in `dispatch!'
 /Library/Ruby/Gems/1.8/gems/sinatra-1.2.6/lib/sinatra/base.rb:644:in `call!'
 /Library/Ruby/Gems/1.8/gems/sinatra-1.2.6/lib/sinatra/base.rb:808:in `instance_eval'
 /Library/Ruby/Gems/1.8/gems/sinatra-1.2.6/lib/sinatra/base.rb:808:in `invoke'
 /Library/Ruby/Gems/1.8/gems/sinatra-1.2.6/lib/sinatra/base.rb:808:in `catch'
 /Library/Ruby/Gems/1.8/gems/sinatra-1.2.6/lib/sinatra/base.rb:808:in `invoke'
 /Library/Ruby/Gems/1.8/gems/sinatra-1.2.6/lib/sinatra/base.rb:644:in `call!'
 /Library/Ruby/Gems/1.8/gems/sinatra-1.2.6/lib/sinatra/base.rb:629:in `call'
 /Library/Ruby/Gems/1.8/gems/rack-1.3.2/lib/rack/head.rb:9:in `call'
 /Library/Ruby/Gems/1.8/gems/sinatra-1.2.6/lib/sinatra/base.rb:1272:in `call'
 /Library/Ruby/Gems/1.8/gems/sinatra-1.2.6/lib/sinatra/base.rb:1303:in `synchronize'
 /Library/Ruby/Gems/1.8/gems/sinatra-1.2.6/lib/sinatra/base.rb:1272:in `call'
 /Library/Ruby/Gems/1.8/gems/rack-1.3.2/lib/rack/handler/mongrel.rb:77:in `process'
 /System/Library/Frameworks/Ruby.framework/Versions/1.8/usr/lib/ruby/gems/1.8/gems/mongrel-1.1.5/lib/mongrel.rb:159:in `process_client'
 /System/Library/Frameworks/Ruby.framework/Versions/1.8/usr/lib/ruby/gems/1.8/gems/mongrel-1.1.5/lib/mongrel.rb:158:in `each'
 /System/Library/Frameworks/Ruby.framework/Versions/1.8/usr/lib/ruby/gems/1.8/gems/mongrel-1.1.5/lib/mongrel.rb:158:in `process_client'
 /System/Library/Frameworks/Ruby.framework/Versions/1.8/usr/lib/ruby/gems/1.8/gems/mongrel-1.1.5/lib/mongrel.rb:285:in `run'
 /System/Library/Frameworks/Ruby.framework/Versions/1.8/usr/lib/ruby/gems/1.8/gems/mongrel-1.1.5/lib/mongrel.rb:285:in `initialize'
 /System/Library/Frameworks/Ruby.framework/Versions/1.8/usr/lib/ruby/gems/1.8/gems/mongrel-1.1.5/lib/mongrel.rb:285:in `new'
 /System/Library/Frameworks/Ruby.framework/Versions/1.8/usr/lib/ruby/gems/1.8/gems/mongrel-1.1.5/lib/mongrel.rb:285:in `run'
 /System/Library/Frameworks/Ruby.framework/Versions/1.8/usr/lib/ruby/gems/1.8/gems/mongrel-1.1.5/lib/mongrel.rb:268:in `initialize'
 /System/Library/Frameworks/Ruby.framework/Versions/1.8/usr/lib/ruby/gems/1.8/gems/mongrel-1.1.5/lib/mongrel.rb:268:in `new'
 /System/Library/Frameworks/Ruby.framework/Versions/1.8/usr/lib/ruby/gems/1.8/gems/mongrel-1.1.5/lib/mongrel.rb:268:in `run'
 /Library/Ruby/Gems/1.8/gems/rack-1.3.2/lib/rack/handler/mongrel.rb:38:in `run'
 /Library/Ruby/Gems/1.8/gems/sinatra-1.2.6/lib/sinatra/base.rb:1234:in `run!'
 ../bin/minecraftctlserver:235:in `run'
 /Library/Ruby/Gems/1.8/gems/main-4.7.3/lib/main/program/class_methods.rb:155:in `run!'
 /Library/Ruby/Gems/1.8/gems/main-4.7.3/lib/main/program/class_methods.rb:155:in `run'
 /Library/Ruby/Gems/1.8/gems/main-4.7.3/lib/main/program/class_methods.rb:144:in `catch'
 /Library/Ruby/Gems/1.8/gems/main-4.7.3/lib/main/program/class_methods.rb:144:in `run'
 /Library/Ruby/Gems/1.8/gems/main-4.7.3/lib/main/factories.rb:18:in `run'
 /Library/Ruby/Gems/1.8/gems/main-4.7.3/lib/main/factories.rb:25:in `Main'
 ../bin/minecraftctlserver:73
Wed Sep 21 20:45:54 +0200 2011: Read error: #<NoMethodError: undefined method `name' for #<SyntaxError:0x102ef9b30>>
../bin/minecraftctlserver:232:in `run'
/Library/Ruby/Gems/1.8/gems/sinatra-1.2.6/lib/sinatra/base.rb:885:in `instance_eval'
/Library/Ruby/Gems/1.8/gems/sinatra-1.2.6/lib/sinatra/base.rb:885:in `error_block!'
/Library/Ruby/Gems/1.8/gems/sinatra-1.2.6/lib/sinatra/base.rb:880:in `each'
/Library/Ruby/Gems/1.8/gems/sinatra-1.2.6/lib/sinatra/base.rb:880:in `error_block!'
/Library/Ruby/Gems/1.8/gems/sinatra-1.2.6/lib/sinatra/base.rb:874:in `handle_exception!'
/Library/Ruby/Gems/1.8/gems/sinatra-1.2.6/lib/sinatra/base.rb:847:in `dispatch!'
/Library/Ruby/Gems/1.8/gems/sinatra-1.2.6/lib/sinatra/base.rb:644:in `call!'
/Library/Ruby/Gems/1.8/gems/sinatra-1.2.6/lib/sinatra/base.rb:808:in `instance_eval'
/Library/Ruby/Gems/1.8/gems/sinatra-1.2.6/lib/sinatra/base.rb:808:in `invoke'
/Library/Ruby/Gems/1.8/gems/sinatra-1.2.6/lib/sinatra/base.rb:808:in `catch'
/Library/Ruby/Gems/1.8/gems/sinatra-1.2.6/lib/sinatra/base.rb:808:in `invoke'
/Library/Ruby/Gems/1.8/gems/sinatra-1.2.6/lib/sinatra/base.rb:644:in `call!'
/Library/Ruby/Gems/1.8/gems/sinatra-1.2.6/lib/sinatra/base.rb:629:in `call'
/Library/Ruby/Gems/1.8/gems/rack-1.3.2/lib/rack/head.rb:9:in `call'
/Library/Ruby/Gems/1.8/gems/sinatra-1.2.6/lib/sinatra/base.rb:1272:in `call'
/Library/Ruby/Gems/1.8/gems/sinatra-1.2.6/lib/sinatra/base.rb:1303:in `synchronize'
/Library/Ruby/Gems/1.8/gems/sinatra-1.2.6/lib/sinatra/base.rb:1272:in `call'
/Library/Ruby/Gems/1.8/gems/rack-1.3.2/lib/rack/handler/mongrel.rb:77:in `process'
/System/Library/Frameworks/Ruby.framework/Versions/1.8/usr/lib/ruby/gems/1.8/gems/mongrel-1.1.5/lib/mongrel.rb:159:in `process_client'
/System/Library/Frameworks/Ruby.framework/Versions/1.8/usr/lib/ruby/gems/1.8/gems/mongrel-1.1.5/lib/mongrel.rb:158:in `each'
/System/Library/Frameworks/Ruby.framework/Versions/1.8/usr/lib/ruby/gems/1.8/gems/mongrel-1.1.5/lib/mongrel.rb:158:in `process_client'
/System/Library/Frameworks/Ruby.framework/Versions/1.8/usr/lib/ruby/gems/1.8/gems/mongrel-1.1.5/lib/mongrel.rb:285:in `run'
/System/Library/Frameworks/Ruby.framework/Versions/1.8/usr/lib/ruby/gems/1.8/gems/mongrel-1.1.5/lib/mongrel.rb:285:in `initialize'
/System/Library/Frameworks/Ruby.framework/Versions/1.8/usr/lib/ruby/gems/1.8/gems/mongrel-1.1.5/lib/mongrel.rb:285:in `new'
/System/Library/Frameworks/Ruby.framework/Versions/1.8/usr/lib/ruby/gems/1.8/gems/mongrel-1.1.5/lib/mongrel.rb:285:in `run'
/System/Library/Frameworks/Ruby.framework/Versions/1.8/usr/lib/ruby/gems/1.8/gems/mongrel-1.1.5/lib/mongrel.rb:268:in `initialize'
/System/Library/Frameworks/Ruby.framework/Versions/1.8/usr/lib/ruby/gems/1.8/gems/mongrel-1.1.5/lib/mongrel.rb:268:in `new'
/System/Library/Frameworks/Ruby.framework/Versions/1.8/usr/lib/ruby/gems/1.8/gems/mongrel-1.1.5/lib/mongrel.rb:268:in `run'
/Library/Ruby/Gems/1.8/gems/rack-1.3.2/lib/rack/handler/mongrel.rb:38:in `run'
/Library/Ruby/Gems/1.8/gems/sinatra-1.2.6/lib/sinatra/base.rb:1234:in `run!'
../bin/minecraftctlserver:235:in `run'
/Library/Ruby/Gems/1.8/gems/main-4.7.3/lib/main/program/class_methods.rb:155:in `run!'
/Library/Ruby/Gems/1.8/gems/main-4.7.3/lib/main/program/class_methods.rb:155:in `run'
/Library/Ruby/Gems/1.8/gems/main-4.7.3/lib/main/program/class_methods.rb:144:in `catch'
/Library/Ruby/Gems/1.8/gems/main-4.7.3/lib/main/program/class_methods.rb:144:in `run'
/Library/Ruby/Gems/1.8/gems/main-4.7.3/lib/main/factories.rb:18:in `run'
/Library/Ruby/Gems/1.8/gems/main-4.7.3/lib/main/factories.rb:25:in `Main'
../bin/minecraftctlserver:73
SyntaxError - compile error
../bin/minecraftctlserver:213: syntax error, unexpected ':', expecting ')'
...ft server is running with pid: @pid
                              ^:
 ../bin/minecraftctlserver:223:in `compile_template_method'
 /Library/Ruby/Gems/1.8/gems/tilt-1.3.3/lib/tilt/template.rb:202:in `compiled_method'
 /Library/Ruby/Gems/1.8/gems/tilt-1.3.3/lib/tilt/template.rb:139:in `cached_evaluate'
 /Library/Ruby/Gems/1.8/gems/tilt-1.3.3/lib/tilt/template.rb:127:in `evaluate'
 /Library/Ruby/Gems/1.8/gems/tilt-1.3.3/lib/tilt/haml.rb:24:in `evaluate'
 /Library/Ruby/Gems/1.8/gems/tilt-1.3.3/lib/tilt/template.rb:76:in `render'
 /Library/Ruby/Gems/1.8/gems/sinatra-1.2.6/lib/sinatra/base.rb:563:in `render'
 /Library/Ruby/Gems/1.8/gems/sinatra-1.2.6/lib/sinatra/base.rb:463:in `haml'
 ../bin/minecraftctlserver:195:in `GET /status'
 /Library/Ruby/Gems/1.8/gems/sinatra-1.2.6/lib/sinatra/base.rb:1151:in `call'
 /Library/Ruby/Gems/1.8/gems/sinatra-1.2.6/lib/sinatra/base.rb:1151:in `compile!'
 /Library/Ruby/Gems/1.8/gems/sinatra-1.2.6/lib/sinatra/base.rb:724:in `instance_eval'
 /Library/Ruby/Gems/1.8/gems/sinatra-1.2.6/lib/sinatra/base.rb:724:in `route_eval'
 /Library/Ruby/Gems/1.8/gems/sinatra-1.2.6/lib/sinatra/base.rb:708:in `route!'
 /Library/Ruby/Gems/1.8/gems/sinatra-1.2.6/lib/sinatra/base.rb:758:in `process_route'
 /Library/Ruby/Gems/1.8/gems/sinatra-1.2.6/lib/sinatra/base.rb:755:in `catch'
 /Library/Ruby/Gems/1.8/gems/sinatra-1.2.6/lib/sinatra/base.rb:755:in `process_route'
 /Library/Ruby/Gems/1.8/gems/sinatra-1.2.6/lib/sinatra/base.rb:707:in `route!'
 /Library/Ruby/Gems/1.8/gems/sinatra-1.2.6/lib/sinatra/base.rb:706:in `each'
 /Library/Ruby/Gems/1.8/gems/sinatra-1.2.6/lib/sinatra/base.rb:706:in `route!'
 /Library/Ruby/Gems/1.8/gems/sinatra-1.2.6/lib/sinatra/base.rb:843:in `dispatch!'
 /Library/Ruby/Gems/1.8/gems/sinatra-1.2.6/lib/sinatra/base.rb:644:in `call!'
 /Library/Ruby/Gems/1.8/gems/sinatra-1.2.6/lib/sinatra/base.rb:808:in `instance_eval'
 /Library/Ruby/Gems/1.8/gems/sinatra-1.2.6/lib/sinatra/base.rb:808:in `invoke'
 /Library/Ruby/Gems/1.8/gems/sinatra-1.2.6/lib/sinatra/base.rb:808:in `catch'
 /Library/Ruby/Gems/1.8/gems/sinatra-1.2.6/lib/sinatra/base.rb:808:in `invoke'
 /Library/Ruby/Gems/1.8/gems/sinatra-1.2.6/lib/sinatra/base.rb:644:in `call!'
 /Library/Ruby/Gems/1.8/gems/sinatra-1.2.6/lib/sinatra/base.rb:629:in `call'
 /Library/Ruby/Gems/1.8/gems/rack-1.3.2/lib/rack/head.rb:9:in `call'
 /Library/Ruby/Gems/1.8/gems/sinatra-1.2.6/lib/sinatra/base.rb:1272:in `call'
 /Library/Ruby/Gems/1.8/gems/sinatra-1.2.6/lib/sinatra/base.rb:1303:in `synchronize'
 /Library/Ruby/Gems/1.8/gems/sinatra-1.2.6/lib/sinatra/base.rb:1272:in `call'
 /Library/Ruby/Gems/1.8/gems/rack-1.3.2/lib/rack/handler/mongrel.rb:77:in `process'
 /System/Library/Frameworks/Ruby.framework/Versions/1.8/usr/lib/ruby/gems/1.8/gems/mongrel-1.1.5/lib/mongrel.rb:159:in `process_client'
 /System/Library/Frameworks/Ruby.framework/Versions/1.8/usr/lib/ruby/gems/1.8/gems/mongrel-1.1.5/lib/mongrel.rb:158:in `each'
 /System/Library/Frameworks/Ruby.framework/Versions/1.8/usr/lib/ruby/gems/1.8/gems/mongrel-1.1.5/lib/mongrel.rb:158:in `process_client'
 /System/Library/Frameworks/Ruby.framework/Versions/1.8/usr/lib/ruby/gems/1.8/gems/mongrel-1.1.5/lib/mongrel.rb:285:in `run'
 /System/Library/Frameworks/Ruby.framework/Versions/1.8/usr/lib/ruby/gems/1.8/gems/mongrel-1.1.5/lib/mongrel.rb:285:in `initialize'
 /System/Library/Frameworks/Ruby.framework/Versions/1.8/usr/lib/ruby/gems/1.8/gems/mongrel-1.1.5/lib/mongrel.rb:285:in `new'
 /System/Library/Frameworks/Ruby.framework/Versions/1.8/usr/lib/ruby/gems/1.8/gems/mongrel-1.1.5/lib/mongrel.rb:285:in `run'
 /System/Library/Frameworks/Ruby.framework/Versions/1.8/usr/lib/ruby/gems/1.8/gems/mongrel-1.1.5/lib/mongrel.rb:268:in `initialize'
 /System/Library/Frameworks/Ruby.framework/Versions/1.8/usr/lib/ruby/gems/1.8/gems/mongrel-1.1.5/lib/mongrel.rb:268:in `new'
 /System/Library/Frameworks/Ruby.framework/Versions/1.8/usr/lib/ruby/gems/1.8/gems/mongrel-1.1.5/lib/mongrel.rb:268:in `run'
 /Library/Ruby/Gems/1.8/gems/rack-1.3.2/lib/rack/handler/mongrel.rb:38:in `run'
 /Library/Ruby/Gems/1.8/gems/sinatra-1.2.6/lib/sinatra/base.rb:1234:in `run!'
 ../bin/minecraftctlserver:235:in `run'
 /Library/Ruby/Gems/1.8/gems/main-4.7.3/lib/main/program/class_methods.rb:155:in `run!'
 /Library/Ruby/Gems/1.8/gems/main-4.7.3/lib/main/program/class_methods.rb:155:in `run'
 /Library/Ruby/Gems/1.8/gems/main-4.7.3/lib/main/program/class_methods.rb:144:in `catch'
 /Library/Ruby/Gems/1.8/gems/main-4.7.3/lib/main/program/class_methods.rb:144:in `run'
 /Library/Ruby/Gems/1.8/gems/main-4.7.3/lib/main/factories.rb:18:in `run'
 /Library/Ruby/Gems/1.8/gems/main-4.7.3/lib/main/factories.rb:25:in `Main'
 ../bin/minecraftctlserver:73
Wed Sep 21 20:45:56 +0200 2011: Read error: #<NoMethodError: undefined method `name' for #<SyntaxError:0x102ef3668>>
../bin/minecraftctlserver:232:in `run'
/Library/Ruby/Gems/1.8/gems/sinatra-1.2.6/lib/sinatra/base.rb:885:in `instance_eval'
/Library/Ruby/Gems/1.8/gems/sinatra-1.2.6/lib/sinatra/base.rb:885:in `error_block!'
/Library/Ruby/Gems/1.8/gems/sinatra-1.2.6/lib/sinatra/base.rb:880:in `each'
/Library/Ruby/Gems/1.8/gems/sinatra-1.2.6/lib/sinatra/base.rb:880:in `error_block!'
/Library/Ruby/Gems/1.8/gems/sinatra-1.2.6/lib/sinatra/base.rb:874:in `handle_exception!'
/Library/Ruby/Gems/1.8/gems/sinatra-1.2.6/lib/sinatra/base.rb:847:in `dispatch!'
/Library/Ruby/Gems/1.8/gems/sinatra-1.2.6/lib/sinatra/base.rb:644:in `call!'
/Library/Ruby/Gems/1.8/gems/sinatra-1.2.6/lib/sinatra/base.rb:808:in `instance_eval'
/Library/Ruby/Gems/1.8/gems/sinatra-1.2.6/lib/sinatra/base.rb:808:in `invoke'
/Library/Ruby/Gems/1.8/gems/sinatra-1.2.6/lib/sinatra/base.rb:808:in `catch'
/Library/Ruby/Gems/1.8/gems/sinatra-1.2.6/lib/sinatra/base.rb:808:in `invoke'
/Library/Ruby/Gems/1.8/gems/sinatra-1.2.6/lib/sinatra/base.rb:644:in `call!'
/Library/Ruby/Gems/1.8/gems/sinatra-1.2.6/lib/sinatra/base.rb:629:in `call'
/Library/Ruby/Gems/1.8/gems/rack-1.3.2/lib/rack/head.rb:9:in `call'
/Library/Ruby/Gems/1.8/gems/sinatra-1.2.6/lib/sinatra/base.rb:1272:in `call'
/Library/Ruby/Gems/1.8/gems/sinatra-1.2.6/lib/sinatra/base.rb:1303:in `synchronize'
/Library/Ruby/Gems/1.8/gems/sinatra-1.2.6/lib/sinatra/base.rb:1272:in `call'
/Library/Ruby/Gems/1.8/gems/rack-1.3.2/lib/rack/handler/mongrel.rb:77:in `process'
/System/Library/Frameworks/Ruby.framework/Versions/1.8/usr/lib/ruby/gems/1.8/gems/mongrel-1.1.5/lib/mongrel.rb:159:in `process_client'
/System/Library/Frameworks/Ruby.framework/Versions/1.8/usr/lib/ruby/gems/1.8/gems/mongrel-1.1.5/lib/mongrel.rb:158:in `each'
/System/Library/Frameworks/Ruby.framework/Versions/1.8/usr/lib/ruby/gems/1.8/gems/mongrel-1.1.5/lib/mongrel.rb:158:in `process_client'
/System/Library/Frameworks/Ruby.framework/Versions/1.8/usr/lib/ruby/gems/1.8/gems/mongrel-1.1.5/lib/mongrel.rb:285:in `run'
/System/Library/Frameworks/Ruby.framework/Versions/1.8/usr/lib/ruby/gems/1.8/gems/mongrel-1.1.5/lib/mongrel.rb:285:in `initialize'
/System/Library/Frameworks/Ruby.framework/Versions/1.8/usr/lib/ruby/gems/1.8/gems/mongrel-1.1.5/lib/mongrel.rb:285:in `new'
/System/Library/Frameworks/Ruby.framework/Versions/1.8/usr/lib/ruby/gems/1.8/gems/mongrel-1.1.5/lib/mongrel.rb:285:in `run'
/System/Library/Frameworks/Ruby.framework/Versions/1.8/usr/lib/ruby/gems/1.8/gems/mongrel-1.1.5/lib/mongrel.rb:268:in `initialize'
/System/Library/Frameworks/Ruby.framework/Versions/1.8/usr/lib/ruby/gems/1.8/gems/mongrel-1.1.5/lib/mongrel.rb:268:in `new'
/System/Library/Frameworks/Ruby.framework/Versions/1.8/usr/lib/ruby/gems/1.8/gems/mongrel-1.1.5/lib/mongrel.rb:268:in `run'
/Library/Ruby/Gems/1.8/gems/rack-1.3.2/lib/rack/handler/mongrel.rb:38:in `run'
/Library/Ruby/Gems/1.8/gems/sinatra-1.2.6/lib/sinatra/base.rb:1234:in `run!'
../bin/minecraftctlserver:235:in `run'
/Library/Ruby/Gems/1.8/gems/main-4.7.3/lib/main/program/class_methods.rb:155:in `run!'
/Library/Ruby/Gems/1.8/gems/main-4.7.3/lib/main/program/class_methods.rb:155:in `run'
/Library/Ruby/Gems/1.8/gems/main-4.7.3/lib/main/program/class_methods.rb:144:in `catch'
/Library/Ruby/Gems/1.8/gems/main-4.7.3/lib/main/program/class_methods.rb:144:in `run'
/Library/Ruby/Gems/1.8/gems/main-4.7.3/lib/main/factories.rb:18:in `run'
/Library/Ruby/Gems/1.8/gems/main-4.7.3/lib/main/factories.rb:25:in `Main'
../bin/minecraftctlserver:73
SyntaxError - compile error
../bin/minecraftctlserver:213: syntax error, unexpected ':', expecting ')'
...ft server is running with pid: @pid
                              ^:
 ../bin/minecraftctlserver:223:in `compile_template_method'
 /Library/Ruby/Gems/1.8/gems/tilt-1.3.3/lib/tilt/template.rb:202:in `compiled_method'
 /Library/Ruby/Gems/1.8/gems/tilt-1.3.3/lib/tilt/template.rb:139:in `cached_evaluate'
 /Library/Ruby/Gems/1.8/gems/tilt-1.3.3/lib/tilt/template.rb:127:in `evaluate'
 /Library/Ruby/Gems/1.8/gems/tilt-1.3.3/lib/tilt/haml.rb:24:in `evaluate'
 /Library/Ruby/Gems/1.8/gems/tilt-1.3.3/lib/tilt/template.rb:76:in `render'
 /Library/Ruby/Gems/1.8/gems/sinatra-1.2.6/lib/sinatra/base.rb:563:in `render'
 /Library/Ruby/Gems/1.8/gems/sinatra-1.2.6/lib/sinatra/base.rb:463:in `haml'
 ../bin/minecraftctlserver:195:in `GET /status'
 /Library/Ruby/Gems/1.8/gems/sinatra-1.2.6/lib/sinatra/base.rb:1151:in `call'
 /Library/Ruby/Gems/1.8/gems/sinatra-1.2.6/lib/sinatra/base.rb:1151:in `compile!'
 /Library/Ruby/Gems/1.8/gems/sinatra-1.2.6/lib/sinatra/base.rb:724:in `instance_eval'
 /Library/Ruby/Gems/1.8/gems/sinatra-1.2.6/lib/sinatra/base.rb:724:in `route_eval'
 /Library/Ruby/Gems/1.8/gems/sinatra-1.2.6/lib/sinatra/base.rb:708:in `route!'
 /Library/Ruby/Gems/1.8/gems/sinatra-1.2.6/lib/sinatra/base.rb:758:in `process_route'
 /Library/Ruby/Gems/1.8/gems/sinatra-1.2.6/lib/sinatra/base.rb:755:in `catch'
 /Library/Ruby/Gems/1.8/gems/sinatra-1.2.6/lib/sinatra/base.rb:755:in `process_route'
 /Library/Ruby/Gems/1.8/gems/sinatra-1.2.6/lib/sinatra/base.rb:707:in `route!'
 /Library/Ruby/Gems/1.8/gems/sinatra-1.2.6/lib/sinatra/base.rb:706:in `each'
 /Library/Ruby/Gems/1.8/gems/sinatra-1.2.6/lib/sinatra/base.rb:706:in `route!'
 /Library/Ruby/Gems/1.8/gems/sinatra-1.2.6/lib/sinatra/base.rb:843:in `dispatch!'
 /Library/Ruby/Gems/1.8/gems/sinatra-1.2.6/lib/sinatra/base.rb:644:in `call!'
 /Library/Ruby/Gems/1.8/gems/sinatra-1.2.6/lib/sinatra/base.rb:808:in `instance_eval'
 /Library/Ruby/Gems/1.8/gems/sinatra-1.2.6/lib/sinatra/base.rb:808:in `invoke'
 /Library/Ruby/Gems/1.8/gems/sinatra-1.2.6/lib/sinatra/base.rb:808:in `catch'
 /Library/Ruby/Gems/1.8/gems/sinatra-1.2.6/lib/sinatra/base.rb:808:in `invoke'
 /Library/Ruby/Gems/1.8/gems/sinatra-1.2.6/lib/sinatra/base.rb:644:in `call!'
 /Library/Ruby/Gems/1.8/gems/sinatra-1.2.6/lib/sinatra/base.rb:629:in `call'
 /Library/Ruby/Gems/1.8/gems/rack-1.3.2/lib/rack/head.rb:9:in `call'
 /Library/Ruby/Gems/1.8/gems/sinatra-1.2.6/lib/sinatra/base.rb:1272:in `call'
 /Library/Ruby/Gems/1.8/gems/sinatra-1.2.6/lib/sinatra/base.rb:1303:in `synchronize'
 /Library/Ruby/Gems/1.8/gems/sinatra-1.2.6/lib/sinatra/base.rb:1272:in `call'
 /Library/Ruby/Gems/1.8/gems/rack-1.3.2/lib/rack/handler/mongrel.rb:77:in `process'
 /System/Library/Frameworks/Ruby.framework/Versions/1.8/usr/lib/ruby/gems/1.8/gems/mongrel-1.1.5/lib/mongrel.rb:159:in `process_client'
 /System/Library/Frameworks/Ruby.framework/Versions/1.8/usr/lib/ruby/gems/1.8/gems/mongrel-1.1.5/lib/mongrel.rb:158:in `each'
 /System/Library/Frameworks/Ruby.framework/Versions/1.8/usr/lib/ruby/gems/1.8/gems/mongrel-1.1.5/lib/mongrel.rb:158:in `process_client'
 /System/Library/Frameworks/Ruby.framework/Versions/1.8/usr/lib/ruby/gems/1.8/gems/mongrel-1.1.5/lib/mongrel.rb:285:in `run'
 /System/Library/Frameworks/Ruby.framework/Versions/1.8/usr/lib/ruby/gems/1.8/gems/mongrel-1.1.5/lib/mongrel.rb:285:in `initialize'
 /System/Library/Frameworks/Ruby.framework/Versions/1.8/usr/lib/ruby/gems/1.8/gems/mongrel-1.1.5/lib/mongrel.rb:285:in `new'
 /System/Library/Frameworks/Ruby.framework/Versions/1.8/usr/lib/ruby/gems/1.8/gems/mongrel-1.1.5/lib/mongrel.rb:285:in `run'
 /System/Library/Frameworks/Ruby.framework/Versions/1.8/usr/lib/ruby/gems/1.8/gems/mongrel-1.1.5/lib/mongrel.rb:268:in `initialize'
 /System/Library/Frameworks/Ruby.framework/Versions/1.8/usr/lib/ruby/gems/1.8/gems/mongrel-1.1.5/lib/mongrel.rb:268:in `new'
 /System/Library/Frameworks/Ruby.framework/Versions/1.8/usr/lib/ruby/gems/1.8/gems/mongrel-1.1.5/lib/mongrel.rb:268:in `run'
 /Library/Ruby/Gems/1.8/gems/rack-1.3.2/lib/rack/handler/mongrel.rb:38:in `run'
 /Library/Ruby/Gems/1.8/gems/sinatra-1.2.6/lib/sinatra/base.rb:1234:in `run!'
 ../bin/minecraftctlserver:235:in `run'
 /Library/Ruby/Gems/1.8/gems/main-4.7.3/lib/main/program/class_methods.rb:155:in `run!'
 /Library/Ruby/Gems/1.8/gems/main-4.7.3/lib/main/program/class_methods.rb:155:in `run'
 /Library/Ruby/Gems/1.8/gems/main-4.7.3/lib/main/program/class_methods.rb:144:in `catch'
 /Library/Ruby/Gems/1.8/gems/main-4.7.3/lib/main/program/class_methods.rb:144:in `run'
 /Library/Ruby/Gems/1.8/gems/main-4.7.3/lib/main/factories.rb:18:in `run'
 /Library/Ruby/Gems/1.8/gems/main-4.7.3/lib/main/factories.rb:25:in `Main'
 ../bin/minecraftctlserver:73
Wed Sep 21 20:45:57 +0200 2011: Read error: #<NoMethodError: undefined method `name' for #<SyntaxError:0x102eed218>>
../bin/minecraftctlserver:232:in `run'
/Library/Ruby/Gems/1.8/gems/sinatra-1.2.6/lib/sinatra/base.rb:885:in `instance_eval'
/Library/Ruby/Gems/1.8/gems/sinatra-1.2.6/lib/sinatra/base.rb:885:in `error_block!'
/Library/Ruby/Gems/1.8/gems/sinatra-1.2.6/lib/sinatra/base.rb:880:in `each'
/Library/Ruby/Gems/1.8/gems/sinatra-1.2.6/lib/sinatra/base.rb:880:in `error_block!'
/Library/Ruby/Gems/1.8/gems/sinatra-1.2.6/lib/sinatra/base.rb:874:in `handle_exception!'
/Library/Ruby/Gems/1.8/gems/sinatra-1.2.6/lib/sinatra/base.rb:847:in `dispatch!'
/Library/Ruby/Gems/1.8/gems/sinatra-1.2.6/lib/sinatra/base.rb:644:in `call!'
/Library/Ruby/Gems/1.8/gems/sinatra-1.2.6/lib/sinatra/base.rb:808:in `instance_eval'
/Library/Ruby/Gems/1.8/gems/sinatra-1.2.6/lib/sinatra/base.rb:808:in `invoke'
/Library/Ruby/Gems/1.8/gems/sinatra-1.2.6/lib/sinatra/base.rb:808:in `catch'
/Library/Ruby/Gems/1.8/gems/sinatra-1.2.6/lib/sinatra/base.rb:808:in `invoke'
/Library/Ruby/Gems/1.8/gems/sinatra-1.2.6/lib/sinatra/base.rb:644:in `call!'
/Library/Ruby/Gems/1.8/gems/sinatra-1.2.6/lib/sinatra/base.rb:629:in `call'
/Library/Ruby/Gems/1.8/gems/rack-1.3.2/lib/rack/head.rb:9:in `call'
/Library/Ruby/Gems/1.8/gems/sinatra-1.2.6/lib/sinatra/base.rb:1272:in `call'
/Library/Ruby/Gems/1.8/gems/sinatra-1.2.6/lib/sinatra/base.rb:1303:in `synchronize'
/Library/Ruby/Gems/1.8/gems/sinatra-1.2.6/lib/sinatra/base.rb:1272:in `call'
/Library/Ruby/Gems/1.8/gems/rack-1.3.2/lib/rack/handler/mongrel.rb:77:in `process'
/System/Library/Frameworks/Ruby.framework/Versions/1.8/usr/lib/ruby/gems/1.8/gems/mongrel-1.1.5/lib/mongrel.rb:159:in `process_client'
/System/Library/Frameworks/Ruby.framework/Versions/1.8/usr/lib/ruby/gems/1.8/gems/mongrel-1.1.5/lib/mongrel.rb:158:in `each'
/System/Library/Frameworks/Ruby.framework/Versions/1.8/usr/lib/ruby/gems/1.8/gems/mongrel-1.1.5/lib/mongrel.rb:158:in `process_client'
/System/Library/Frameworks/Ruby.framework/Versions/1.8/usr/lib/ruby/gems/1.8/gems/mongrel-1.1.5/lib/mongrel.rb:285:in `run'
/System/Library/Frameworks/Ruby.framework/Versions/1.8/usr/lib/ruby/gems/1.8/gems/mongrel-1.1.5/lib/mongrel.rb:285:in `initialize'
/System/Library/Frameworks/Ruby.framework/Versions/1.8/usr/lib/ruby/gems/1.8/gems/mongrel-1.1.5/lib/mongrel.rb:285:in `new'
/System/Library/Frameworks/Ruby.framework/Versions/1.8/usr/lib/ruby/gems/1.8/gems/mongrel-1.1.5/lib/mongrel.rb:285:in `run'
/System/Library/Frameworks/Ruby.framework/Versions/1.8/usr/lib/ruby/gems/1.8/gems/mongrel-1.1.5/lib/mongrel.rb:268:in `initialize'
/System/Library/Frameworks/Ruby.framework/Versions/1.8/usr/lib/ruby/gems/1.8/gems/mongrel-1.1.5/lib/mongrel.rb:268:in `new'
/System/Library/Frameworks/Ruby.framework/Versions/1.8/usr/lib/ruby/gems/1.8/gems/mongrel-1.1.5/lib/mongrel.rb:268:in `run'
/Library/Ruby/Gems/1.8/gems/rack-1.3.2/lib/rack/handler/mongrel.rb:38:in `run'
/Library/Ruby/Gems/1.8/gems/sinatra-1.2.6/lib/sinatra/base.rb:1234:in `run!'
../bin/minecraftctlserver:235:in `run'
/Library/Ruby/Gems/1.8/gems/main-4.7.3/lib/main/program/class_methods.rb:155:in `run!'
/Library/Ruby/Gems/1.8/gems/main-4.7.3/lib/main/program/class_methods.rb:155:in `run'
/Library/Ruby/Gems/1.8/gems/main-4.7.3/lib/main/program/class_methods.rb:144:in `catch'
/Library/Ruby/Gems/1.8/gems/main-4.7.3/lib/main/program/class_methods.rb:144:in `run'
/Library/Ruby/Gems/1.8/gems/main-4.7.3/lib/main/factories.rb:18:in `run'
/Library/Ruby/Gems/1.8/gems/main-4.7.3/lib/main/factories.rb:25:in `Main'
../bin/minecraftctlserver:73
SyntaxError - compile error
../bin/minecraftctlserver:213: syntax error, unexpected ':', expecting ')'
...ft server is running with pid: @pid
                              ^:
 ../bin/minecraftctlserver:223:in `compile_template_method'
 /Library/Ruby/Gems/1.8/gems/tilt-1.3.3/lib/tilt/template.rb:202:in `compiled_method'
 /Library/Ruby/Gems/1.8/gems/tilt-1.3.3/lib/tilt/template.rb:139:in `cached_evaluate'
 /Library/Ruby/Gems/1.8/gems/tilt-1.3.3/lib/tilt/template.rb:127:in `evaluate'
 /Library/Ruby/Gems/1.8/gems/tilt-1.3.3/lib/tilt/haml.rb:24:in `evaluate'
 /Library/Ruby/Gems/1.8/gems/tilt-1.3.3/lib/tilt/template.rb:76:in `render'
 /Library/Ruby/Gems/1.8/gems/sinatra-1.2.6/lib/sinatra/base.rb:563:in `render'
 /Library/Ruby/Gems/1.8/gems/sinatra-1.2.6/lib/sinatra/base.rb:463:in `haml'
 ../bin/minecraftctlserver:195:in `GET /status'
 /Library/Ruby/Gems/1.8/gems/sinatra-1.2.6/lib/sinatra/base.rb:1151:in `call'
 /Library/Ruby/Gems/1.8/gems/sinatra-1.2.6/lib/sinatra/base.rb:1151:in `compile!'
 /Library/Ruby/Gems/1.8/gems/sinatra-1.2.6/lib/sinatra/base.rb:724:in `instance_eval'
 /Library/Ruby/Gems/1.8/gems/sinatra-1.2.6/lib/sinatra/base.rb:724:in `route_eval'
 /Library/Ruby/Gems/1.8/gems/sinatra-1.2.6/lib/sinatra/base.rb:708:in `route!'
 /Library/Ruby/Gems/1.8/gems/sinatra-1.2.6/lib/sinatra/base.rb:758:in `process_route'
 /Library/Ruby/Gems/1.8/gems/sinatra-1.2.6/lib/sinatra/base.rb:755:in `catch'
 /Library/Ruby/Gems/1.8/gems/sinatra-1.2.6/lib/sinatra/base.rb:755:in `process_route'
 /Library/Ruby/Gems/1.8/gems/sinatra-1.2.6/lib/sinatra/base.rb:707:in `route!'
 /Library/Ruby/Gems/1.8/gems/sinatra-1.2.6/lib/sinatra/base.rb:706:in `each'
 /Library/Ruby/Gems/1.8/gems/sinatra-1.2.6/lib/sinatra/base.rb:706:in `route!'
 /Library/Ruby/Gems/1.8/gems/sinatra-1.2.6/lib/sinatra/base.rb:843:in `dispatch!'
 /Library/Ruby/Gems/1.8/gems/sinatra-1.2.6/lib/sinatra/base.rb:644:in `call!'
 /Library/Ruby/Gems/1.8/gems/sinatra-1.2.6/lib/sinatra/base.rb:808:in `instance_eval'
 /Library/Ruby/Gems/1.8/gems/sinatra-1.2.6/lib/sinatra/base.rb:808:in `invoke'
 /Library/Ruby/Gems/1.8/gems/sinatra-1.2.6/lib/sinatra/base.rb:808:in `catch'
 /Library/Ruby/Gems/1.8/gems/sinatra-1.2.6/lib/sinatra/base.rb:808:in `invoke'
 /Library/Ruby/Gems/1.8/gems/sinatra-1.2.6/lib/sinatra/base.rb:644:in `call!'
 /Library/Ruby/Gems/1.8/gems/sinatra-1.2.6/lib/sinatra/base.rb:629:in `call'
 /Library/Ruby/Gems/1.8/gems/rack-1.3.2/lib/rack/head.rb:9:in `call'
 /Library/Ruby/Gems/1.8/gems/sinatra-1.2.6/lib/sinatra/base.rb:1272:in `call'
 /Library/Ruby/Gems/1.8/gems/sinatra-1.2.6/lib/sinatra/base.rb:1303:in `synchronize'
 /Library/Ruby/Gems/1.8/gems/sinatra-1.2.6/lib/sinatra/base.rb:1272:in `call'
 /Library/Ruby/Gems/1.8/gems/rack-1.3.2/lib/rack/handler/mongrel.rb:77:in `process'
 /System/Library/Frameworks/Ruby.framework/Versions/1.8/usr/lib/ruby/gems/1.8/gems/mongrel-1.1.5/lib/mongrel.rb:159:in `process_client'
 /System/Library/Frameworks/Ruby.framework/Versions/1.8/usr/lib/ruby/gems/1.8/gems/mongrel-1.1.5/lib/mongrel.rb:158:in `each'
 /System/Library/Frameworks/Ruby.framework/Versions/1.8/usr/lib/ruby/gems/1.8/gems/mongrel-1.1.5/lib/mongrel.rb:158:in `process_client'
 /System/Library/Frameworks/Ruby.framework/Versions/1.8/usr/lib/ruby/gems/1.8/gems/mongrel-1.1.5/lib/mongrel.rb:285:in `run'
 /System/Library/Frameworks/Ruby.framework/Versions/1.8/usr/lib/ruby/gems/1.8/gems/mongrel-1.1.5/lib/mongrel.rb:285:in `initialize'
 /System/Library/Frameworks/Ruby.framework/Versions/1.8/usr/lib/ruby/gems/1.8/gems/mongrel-1.1.5/lib/mongrel.rb:285:in `new'
 /System/Library/Frameworks/Ruby.framework/Versions/1.8/usr/lib/ruby/gems/1.8/gems/mongrel-1.1.5/lib/mongrel.rb:285:in `run'
 /System/Library/Frameworks/Ruby.framework/Versions/1.8/usr/lib/ruby/gems/1.8/gems/mongrel-1.1.5/lib/mongrel.rb:268:in `initialize'
 /System/Library/Frameworks/Ruby.framework/Versions/1.8/usr/lib/ruby/gems/1.8/gems/mongrel-1.1.5/lib/mongrel.rb:268:in `new'
 /System/Library/Frameworks/Ruby.framework/Versions/1.8/usr/lib/ruby/gems/1.8/gems/mongrel-1.1.5/lib/mongrel.rb:268:in `run'
 /Library/Ruby/Gems/1.8/gems/rack-1.3.2/lib/rack/handler/mongrel.rb:38:in `run'
 /Library/Ruby/Gems/1.8/gems/sinatra-1.2.6/lib/sinatra/base.rb:1234:in `run!'
 ../bin/minecraftctlserver:235:in `run'
 /Library/Ruby/Gems/1.8/gems/main-4.7.3/lib/main/program/class_methods.rb:155:in `run!'
 /Library/Ruby/Gems/1.8/gems/main-4.7.3/lib/main/program/class_methods.rb:155:in `run'
 /Library/Ruby/Gems/1.8/gems/main-4.7.3/lib/main/program/class_methods.rb:144:in `catch'
 /Library/Ruby/Gems/1.8/gems/main-4.7.3/lib/main/program/class_methods.rb:144:in `run'
 /Library/Ruby/Gems/1.8/gems/main-4.7.3/lib/main/factories.rb:18:in `run'
 /Library/Ruby/Gems/1.8/gems/main-4.7.3/lib/main/factories.rb:25:in `Main'
 ../bin/minecraftctlserver:73
Wed Sep 21 20:45:57 +0200 2011: Read error: #<NoMethodError: undefined method `name' for #<SyntaxError:0x102ee6dc8>>
../bin/minecraftctlserver:232:in `run'
/Library/Ruby/Gems/1.8/gems/sinatra-1.2.6/lib/sinatra/base.rb:885:in `instance_eval'
/Library/Ruby/Gems/1.8/gems/sinatra-1.2.6/lib/sinatra/base.rb:885:in `error_block!'
/Library/Ruby/Gems/1.8/gems/sinatra-1.2.6/lib/sinatra/base.rb:880:in `each'
/Library/Ruby/Gems/1.8/gems/sinatra-1.2.6/lib/sinatra/base.rb:880:in `error_block!'
/Library/Ruby/Gems/1.8/gems/sinatra-1.2.6/lib/sinatra/base.rb:874:in `handle_exception!'
/Library/Ruby/Gems/1.8/gems/sinatra-1.2.6/lib/sinatra/base.rb:847:in `dispatch!'
/Library/Ruby/Gems/1.8/gems/sinatra-1.2.6/lib/sinatra/base.rb:644:in `call!'
/Library/Ruby/Gems/1.8/gems/sinatra-1.2.6/lib/sinatra/base.rb:808:in `instance_eval'
/Library/Ruby/Gems/1.8/gems/sinatra-1.2.6/lib/sinatra/base.rb:808:in `invoke'
/Library/Ruby/Gems/1.8/gems/sinatra-1.2.6/lib/sinatra/base.rb:808:in `catch'
/Library/Ruby/Gems/1.8/gems/sinatra-1.2.6/lib/sinatra/base.rb:808:in `invoke'
/Library/Ruby/Gems/1.8/gems/sinatra-1.2.6/lib/sinatra/base.rb:644:in `call!'
/Library/Ruby/Gems/1.8/gems/sinatra-1.2.6/lib/sinatra/base.rb:629:in `call'
/Library/Ruby/Gems/1.8/gems/rack-1.3.2/lib/rack/head.rb:9:in `call'
/Library/Ruby/Gems/1.8/gems/sinatra-1.2.6/lib/sinatra/base.rb:1272:in `call'
/Library/Ruby/Gems/1.8/gems/sinatra-1.2.6/lib/sinatra/base.rb:1303:in `synchronize'
/Library/Ruby/Gems/1.8/gems/sinatra-1.2.6/lib/sinatra/base.rb:1272:in `call'
/Library/Ruby/Gems/1.8/gems/rack-1.3.2/lib/rack/handler/mongrel.rb:77:in `process'
/System/Library/Frameworks/Ruby.framework/Versions/1.8/usr/lib/ruby/gems/1.8/gems/mongrel-1.1.5/lib/mongrel.rb:159:in `process_client'
/System/Library/Frameworks/Ruby.framework/Versions/1.8/usr/lib/ruby/gems/1.8/gems/mongrel-1.1.5/lib/mongrel.rb:158:in `each'
/System/Library/Frameworks/Ruby.framework/Versions/1.8/usr/lib/ruby/gems/1.8/gems/mongrel-1.1.5/lib/mongrel.rb:158:in `process_client'
/System/Library/Frameworks/Ruby.framework/Versions/1.8/usr/lib/ruby/gems/1.8/gems/mongrel-1.1.5/lib/mongrel.rb:285:in `run'
/System/Library/Frameworks/Ruby.framework/Versions/1.8/usr/lib/ruby/gems/1.8/gems/mongrel-1.1.5/lib/mongrel.rb:285:in `initialize'
/System/Library/Frameworks/Ruby.framework/Versions/1.8/usr/lib/ruby/gems/1.8/gems/mongrel-1.1.5/lib/mongrel.rb:285:in `new'
/System/Library/Frameworks/Ruby.framework/Versions/1.8/usr/lib/ruby/gems/1.8/gems/mongrel-1.1.5/lib/mongrel.rb:285:in `run'
/System/Library/Frameworks/Ruby.framework/Versions/1.8/usr/lib/ruby/gems/1.8/gems/mongrel-1.1.5/lib/mongrel.rb:268:in `initialize'
/System/Library/Frameworks/Ruby.framework/Versions/1.8/usr/lib/ruby/gems/1.8/gems/mongrel-1.1.5/lib/mongrel.rb:268:in `new'
/System/Library/Frameworks/Ruby.framework/Versions/1.8/usr/lib/ruby/gems/1.8/gems/mongrel-1.1.5/lib/mongrel.rb:268:in `run'
/Library/Ruby/Gems/1.8/gems/rack-1.3.2/lib/rack/handler/mongrel.rb:38:in `run'
/Library/Ruby/Gems/1.8/gems/sinatra-1.2.6/lib/sinatra/base.rb:1234:in `run!'
../bin/minecraftctlserver:235:in `run'
/Library/Ruby/Gems/1.8/gems/main-4.7.3/lib/main/program/class_methods.rb:155:in `run!'
/Library/Ruby/Gems/1.8/gems/main-4.7.3/lib/main/program/class_methods.rb:155:in `run'
/Library/Ruby/Gems/1.8/gems/main-4.7.3/lib/main/program/class_methods.rb:144:in `catch'
/Library/Ruby/Gems/1.8/gems/main-4.7.3/lib/main/program/class_methods.rb:144:in `run'
/Library/Ruby/Gems/1.8/gems/main-4.7.3/lib/main/factories.rb:18:in `run'
/Library/Ruby/Gems/1.8/gems/main-4.7.3/lib/main/factories.rb:25:in `Main'
../bin/minecraftctlserver:73
SyntaxError - compile error
../bin/minecraftctlserver:213: syntax error, unexpected ':', expecting ')'
...ft server is running with pid: @pid
                              ^:
 ../bin/minecraftctlserver:223:in `compile_template_method'
 /Library/Ruby/Gems/1.8/gems/tilt-1.3.3/lib/tilt/template.rb:202:in `compiled_method'
 /Library/Ruby/Gems/1.8/gems/tilt-1.3.3/lib/tilt/template.rb:139:in `cached_evaluate'
 /Library/Ruby/Gems/1.8/gems/tilt-1.3.3/lib/tilt/template.rb:127:in `evaluate'
 /Library/Ruby/Gems/1.8/gems/tilt-1.3.3/lib/tilt/haml.rb:24:in `evaluate'
 /Library/Ruby/Gems/1.8/gems/tilt-1.3.3/lib/tilt/template.rb:76:in `render'
 /Library/Ruby/Gems/1.8/gems/sinatra-1.2.6/lib/sinatra/base.rb:563:in `render'
 /Library/Ruby/Gems/1.8/gems/sinatra-1.2.6/lib/sinatra/base.rb:463:in `haml'
 ../bin/minecraftctlserver:195:in `GET /status'
 /Library/Ruby/Gems/1.8/gems/sinatra-1.2.6/lib/sinatra/base.rb:1151:in `call'
 /Library/Ruby/Gems/1.8/gems/sinatra-1.2.6/lib/sinatra/base.rb:1151:in `compile!'
 /Library/Ruby/Gems/1.8/gems/sinatra-1.2.6/lib/sinatra/base.rb:724:in `instance_eval'
 /Library/Ruby/Gems/1.8/gems/sinatra-1.2.6/lib/sinatra/base.rb:724:in `route_eval'
 /Library/Ruby/Gems/1.8/gems/sinatra-1.2.6/lib/sinatra/base.rb:708:in `route!'
 /Library/Ruby/Gems/1.8/gems/sinatra-1.2.6/lib/sinatra/base.rb:758:in `process_route'
 /Library/Ruby/Gems/1.8/gems/sinatra-1.2.6/lib/sinatra/base.rb:755:in `catch'
 /Library/Ruby/Gems/1.8/gems/sinatra-1.2.6/lib/sinatra/base.rb:755:in `process_route'
 /Library/Ruby/Gems/1.8/gems/sinatra-1.2.6/lib/sinatra/base.rb:707:in `route!'
 /Library/Ruby/Gems/1.8/gems/sinatra-1.2.6/lib/sinatra/base.rb:706:in `each'
 /Library/Ruby/Gems/1.8/gems/sinatra-1.2.6/lib/sinatra/base.rb:706:in `route!'
 /Library/Ruby/Gems/1.8/gems/sinatra-1.2.6/lib/sinatra/base.rb:843:in `dispatch!'
 /Library/Ruby/Gems/1.8/gems/sinatra-1.2.6/lib/sinatra/base.rb:644:in `call!'
 /Library/Ruby/Gems/1.8/gems/sinatra-1.2.6/lib/sinatra/base.rb:808:in `instance_eval'
 /Library/Ruby/Gems/1.8/gems/sinatra-1.2.6/lib/sinatra/base.rb:808:in `invoke'
 /Library/Ruby/Gems/1.8/gems/sinatra-1.2.6/lib/sinatra/base.rb:808:in `catch'
 /Library/Ruby/Gems/1.8/gems/sinatra-1.2.6/lib/sinatra/base.rb:808:in `invoke'
 /Library/Ruby/Gems/1.8/gems/sinatra-1.2.6/lib/sinatra/base.rb:644:in `call!'
 /Library/Ruby/Gems/1.8/gems/sinatra-1.2.6/lib/sinatra/base.rb:629:in `call'
 /Library/Ruby/Gems/1.8/gems/rack-1.3.2/lib/rack/head.rb:9:in `call'
 /Library/Ruby/Gems/1.8/gems/sinatra-1.2.6/lib/sinatra/base.rb:1272:in `call'
 /Library/Ruby/Gems/1.8/gems/sinatra-1.2.6/lib/sinatra/base.rb:1303:in `synchronize'
 /Library/Ruby/Gems/1.8/gems/sinatra-1.2.6/lib/sinatra/base.rb:1272:in `call'
 /Library/Ruby/Gems/1.8/gems/rack-1.3.2/lib/rack/handler/mongrel.rb:77:in `process'
 /System/Library/Frameworks/Ruby.framework/Versions/1.8/usr/lib/ruby/gems/1.8/gems/mongrel-1.1.5/lib/mongrel.rb:159:in `process_client'
 /System/Library/Frameworks/Ruby.framework/Versions/1.8/usr/lib/ruby/gems/1.8/gems/mongrel-1.1.5/lib/mongrel.rb:158:in `each'
 /System/Library/Frameworks/Ruby.framework/Versions/1.8/usr/lib/ruby/gems/1.8/gems/mongrel-1.1.5/lib/mongrel.rb:158:in `process_client'
 /System/Library/Frameworks/Ruby.framework/Versions/1.8/usr/lib/ruby/gems/1.8/gems/mongrel-1.1.5/lib/mongrel.rb:285:in `run'
 /System/Library/Frameworks/Ruby.framework/Versions/1.8/usr/lib/ruby/gems/1.8/gems/mongrel-1.1.5/lib/mongrel.rb:285:in `initialize'
 /System/Library/Frameworks/Ruby.framework/Versions/1.8/usr/lib/ruby/gems/1.8/gems/mongrel-1.1.5/lib/mongrel.rb:285:in `new'
 /System/Library/Frameworks/Ruby.framework/Versions/1.8/usr/lib/ruby/gems/1.8/gems/mongrel-1.1.5/lib/mongrel.rb:285:in `run'
 /System/Library/Frameworks/Ruby.framework/Versions/1.8/usr/lib/ruby/gems/1.8/gems/mongrel-1.1.5/lib/mongrel.rb:268:in `initialize'
 /System/Library/Frameworks/Ruby.framework/Versions/1.8/usr/lib/ruby/gems/1.8/gems/mongrel-1.1.5/lib/mongrel.rb:268:in `new'
 /System/Library/Frameworks/Ruby.framework/Versions/1.8/usr/lib/ruby/gems/1.8/gems/mongrel-1.1.5/lib/mongrel.rb:268:in `run'
 /Library/Ruby/Gems/1.8/gems/rack-1.3.2/lib/rack/handler/mongrel.rb:38:in `run'
 /Library/Ruby/Gems/1.8/gems/sinatra-1.2.6/lib/sinatra/base.rb:1234:in `run!'
 ../bin/minecraftctlserver:235:in `run'
 /Library/Ruby/Gems/1.8/gems/main-4.7.3/lib/main/program/class_methods.rb:155:in `run!'
 /Library/Ruby/Gems/1.8/gems/main-4.7.3/lib/main/program/class_methods.rb:155:in `run'
 /Library/Ruby/Gems/1.8/gems/main-4.7.3/lib/main/program/class_methods.rb:144:in `catch'
 /Library/Ruby/Gems/1.8/gems/main-4.7.3/lib/main/program/class_methods.rb:144:in `run'
 /Library/Ruby/Gems/1.8/gems/main-4.7.3/lib/main/factories.rb:18:in `run'
 /Library/Ruby/Gems/1.8/gems/main-4.7.3/lib/main/factories.rb:25:in `Main'
 ../bin/minecraftctlserver:73
Wed Sep 21 20:45:58 +0200 2011: Read error: #<NoMethodError: undefined method `name' for #<SyntaxError:0x102ee0978>>
../bin/minecraftctlserver:232:in `run'
/Library/Ruby/Gems/1.8/gems/sinatra-1.2.6/lib/sinatra/base.rb:885:in `instance_eval'
/Library/Ruby/Gems/1.8/gems/sinatra-1.2.6/lib/sinatra/base.rb:885:in `error_block!'
/Library/Ruby/Gems/1.8/gems/sinatra-1.2.6/lib/sinatra/base.rb:880:in `each'
/Library/Ruby/Gems/1.8/gems/sinatra-1.2.6/lib/sinatra/base.rb:880:in `error_block!'
/Library/Ruby/Gems/1.8/gems/sinatra-1.2.6/lib/sinatra/base.rb:874:in `handle_exception!'
/Library/Ruby/Gems/1.8/gems/sinatra-1.2.6/lib/sinatra/base.rb:847:in `dispatch!'
/Library/Ruby/Gems/1.8/gems/sinatra-1.2.6/lib/sinatra/base.rb:644:in `call!'
/Library/Ruby/Gems/1.8/gems/sinatra-1.2.6/lib/sinatra/base.rb:808:in `instance_eval'
/Library/Ruby/Gems/1.8/gems/sinatra-1.2.6/lib/sinatra/base.rb:808:in `invoke'
/Library/Ruby/Gems/1.8/gems/sinatra-1.2.6/lib/sinatra/base.rb:808:in `catch'
/Library/Ruby/Gems/1.8/gems/sinatra-1.2.6/lib/sinatra/base.rb:808:in `invoke'
/Library/Ruby/Gems/1.8/gems/sinatra-1.2.6/lib/sinatra/base.rb:644:in `call!'
/Library/Ruby/Gems/1.8/gems/sinatra-1.2.6/lib/sinatra/base.rb:629:in `call'
/Library/Ruby/Gems/1.8/gems/rack-1.3.2/lib/rack/head.rb:9:in `call'
/Library/Ruby/Gems/1.8/gems/sinatra-1.2.6/lib/sinatra/base.rb:1272:in `call'
/Library/Ruby/Gems/1.8/gems/sinatra-1.2.6/lib/sinatra/base.rb:1303:in `synchronize'
/Library/Ruby/Gems/1.8/gems/sinatra-1.2.6/lib/sinatra/base.rb:1272:in `call'
/Library/Ruby/Gems/1.8/gems/rack-1.3.2/lib/rack/handler/mongrel.rb:77:in `process'
/System/Library/Frameworks/Ruby.framework/Versions/1.8/usr/lib/ruby/gems/1.8/gems/mongrel-1.1.5/lib/mongrel.rb:159:in `process_client'
/System/Library/Frameworks/Ruby.framework/Versions/1.8/usr/lib/ruby/gems/1.8/gems/mongrel-1.1.5/lib/mongrel.rb:158:in `each'
/System/Library/Frameworks/Ruby.framework/Versions/1.8/usr/lib/ruby/gems/1.8/gems/mongrel-1.1.5/lib/mongrel.rb:158:in `process_client'
/System/Library/Frameworks/Ruby.framework/Versions/1.8/usr/lib/ruby/gems/1.8/gems/mongrel-1.1.5/lib/mongrel.rb:285:in `run'
/System/Library/Frameworks/Ruby.framework/Versions/1.8/usr/lib/ruby/gems/1.8/gems/mongrel-1.1.5/lib/mongrel.rb:285:in `initialize'
/System/Library/Frameworks/Ruby.framework/Versions/1.8/usr/lib/ruby/gems/1.8/gems/mongrel-1.1.5/lib/mongrel.rb:285:in `new'
/System/Library/Frameworks/Ruby.framework/Versions/1.8/usr/lib/ruby/gems/1.8/gems/mongrel-1.1.5/lib/mongrel.rb:285:in `run'
/System/Library/Frameworks/Ruby.framework/Versions/1.8/usr/lib/ruby/gems/1.8/gems/mongrel-1.1.5/lib/mongrel.rb:268:in `initialize'
/System/Library/Frameworks/Ruby.framework/Versions/1.8/usr/lib/ruby/gems/1.8/gems/mongrel-1.1.5/lib/mongrel.rb:268:in `new'
/System/Library/Frameworks/Ruby.framework/Versions/1.8/usr/lib/ruby/gems/1.8/gems/mongrel-1.1.5/lib/mongrel.rb:268:in `run'
/Library/Ruby/Gems/1.8/gems/rack-1.3.2/lib/rack/handler/mongrel.rb:38:in `run'
/Library/Ruby/Gems/1.8/gems/sinatra-1.2.6/lib/sinatra/base.rb:1234:in `run!'
../bin/minecraftctlserver:235:in `run'
/Library/Ruby/Gems/1.8/gems/main-4.7.3/lib/main/program/class_methods.rb:155:in `run!'
/Library/Ruby/Gems/1.8/gems/main-4.7.3/lib/main/program/class_methods.rb:155:in `run'
/Library/Ruby/Gems/1.8/gems/main-4.7.3/lib/main/program/class_methods.rb:144:in `catch'
/Library/Ruby/Gems/1.8/gems/main-4.7.3/lib/main/program/class_methods.rb:144:in `run'
/Library/Ruby/Gems/1.8/gems/main-4.7.3/lib/main/factories.rb:18:in `run'
/Library/Ruby/Gems/1.8/gems/main-4.7.3/lib/main/factories.rb:25:in `Main'
../bin/minecraftctlserver:73
Wed Sep 21 20:46:09 +0200 2011: Reaping 1 threads for slow workers because of 'shutdown'
Waiting for 1 requests to finish, could take 60.0 seconds.
== Sinatra/1.2.6 has taken the stage on 25560 for production with backup from Mongrel

== Sinatra has ended his set (crowd applauds)
SyntaxError - compile error
../bin/minecraftctlserver:211: syntax error, unexpected ':', expecting ')'
...ft server is running with pid: @pid
                              ^:
 ../bin/minecraftctlserver:216:in `evaluate_source'
 /Library/Ruby/Gems/1.8/gems/tilt-1.3.3/lib/tilt/template.rb:144:in `cached_evaluate'
 /Library/Ruby/Gems/1.8/gems/tilt-1.3.3/lib/tilt/template.rb:127:in `evaluate'
 /Library/Ruby/Gems/1.8/gems/tilt-1.3.3/lib/tilt/haml.rb:24:in `evaluate'
 /Library/Ruby/Gems/1.8/gems/tilt-1.3.3/lib/tilt/template.rb:76:in `render'
 /Library/Ruby/Gems/1.8/gems/sinatra-1.2.6/lib/sinatra/base.rb:563:in `render'
 /Library/Ruby/Gems/1.8/gems/sinatra-1.2.6/lib/sinatra/base.rb:463:in `haml'
 ../bin/minecraftctlserver:195:in `GET /status'
 /Library/Ruby/Gems/1.8/gems/sinatra-1.2.6/lib/sinatra/base.rb:1151:in `call'
 /Library/Ruby/Gems/1.8/gems/sinatra-1.2.6/lib/sinatra/base.rb:1151:in `compile!'
 /Library/Ruby/Gems/1.8/gems/sinatra-1.2.6/lib/sinatra/base.rb:724:in `instance_eval'
 /Library/Ruby/Gems/1.8/gems/sinatra-1.2.6/lib/sinatra/base.rb:724:in `route_eval'
 /Library/Ruby/Gems/1.8/gems/sinatra-1.2.6/lib/sinatra/base.rb:708:in `route!'
 /Library/Ruby/Gems/1.8/gems/sinatra-1.2.6/lib/sinatra/base.rb:758:in `process_route'
 /Library/Ruby/Gems/1.8/gems/sinatra-1.2.6/lib/sinatra/base.rb:755:in `catch'
 /Library/Ruby/Gems/1.8/gems/sinatra-1.2.6/lib/sinatra/base.rb:755:in `process_route'
 /Library/Ruby/Gems/1.8/gems/sinatra-1.2.6/lib/sinatra/base.rb:707:in `route!'
 /Library/Ruby/Gems/1.8/gems/sinatra-1.2.6/lib/sinatra/base.rb:706:in `each'
 /Library/Ruby/Gems/1.8/gems/sinatra-1.2.6/lib/sinatra/base.rb:706:in `route!'
 /Library/Ruby/Gems/1.8/gems/sinatra-1.2.6/lib/sinatra/base.rb:843:in `dispatch!'
 /Library/Ruby/Gems/1.8/gems/sinatra-1.2.6/lib/sinatra/base.rb:644:in `call!'
 /Library/Ruby/Gems/1.8/gems/sinatra-1.2.6/lib/sinatra/base.rb:808:in `instance_eval'
 /Library/Ruby/Gems/1.8/gems/sinatra-1.2.6/lib/sinatra/base.rb:808:in `invoke'
 /Library/Ruby/Gems/1.8/gems/sinatra-1.2.6/lib/sinatra/base.rb:808:in `catch'
 /Library/Ruby/Gems/1.8/gems/sinatra-1.2.6/lib/sinatra/base.rb:808:in `invoke'
 /Library/Ruby/Gems/1.8/gems/sinatra-1.2.6/lib/sinatra/base.rb:644:in `call!'
 /Library/Ruby/Gems/1.8/gems/sinatra-1.2.6/lib/sinatra/base.rb:629:in `call'
 /Library/Ruby/Gems/1.8/gems/rack-1.3.2/lib/rack/head.rb:9:in `call'
 /Library/Ruby/Gems/1.8/gems/sinatra-1.2.6/lib/sinatra/base.rb:1272:in `call'
 /Library/Ruby/Gems/1.8/gems/sinatra-1.2.6/lib/sinatra/base.rb:1303:in `synchronize'
 /Library/Ruby/Gems/1.8/gems/sinatra-1.2.6/lib/sinatra/base.rb:1272:in `call'
 /Library/Ruby/Gems/1.8/gems/rack-1.3.2/lib/rack/handler/mongrel.rb:77:in `process'
 /System/Library/Frameworks/Ruby.framework/Versions/1.8/usr/lib/ruby/gems/1.8/gems/mongrel-1.1.5/lib/mongrel.rb:159:in `process_client'
 /System/Library/Frameworks/Ruby.framework/Versions/1.8/usr/lib/ruby/gems/1.8/gems/mongrel-1.1.5/lib/mongrel.rb:158:in `each'
 /System/Library/Frameworks/Ruby.framework/Versions/1.8/usr/lib/ruby/gems/1.8/gems/mongrel-1.1.5/lib/mongrel.rb:158:in `process_client'
 /System/Library/Frameworks/Ruby.framework/Versions/1.8/usr/lib/ruby/gems/1.8/gems/mongrel-1.1.5/lib/mongrel.rb:285:in `run'
 /System/Library/Frameworks/Ruby.framework/Versions/1.8/usr/lib/ruby/gems/1.8/gems/mongrel-1.1.5/lib/mongrel.rb:285:in `initialize'
 /System/Library/Frameworks/Ruby.framework/Versions/1.8/usr/lib/ruby/gems/1.8/gems/mongrel-1.1.5/lib/mongrel.rb:285:in `new'
 /System/Library/Frameworks/Ruby.framework/Versions/1.8/usr/lib/ruby/gems/1.8/gems/mongrel-1.1.5/lib/mongrel.rb:285:in `run'
 /System/Library/Frameworks/Ruby.framework/Versions/1.8/usr/lib/ruby/gems/1.8/gems/mongrel-1.1.5/lib/mongrel.rb:268:in `initialize'
 /System/Library/Frameworks/Ruby.framework/Versions/1.8/usr/lib/ruby/gems/1.8/gems/mongrel-1.1.5/lib/mongrel.rb:268:in `new'
 /System/Library/Frameworks/Ruby.framework/Versions/1.8/usr/lib/ruby/gems/1.8/gems/mongrel-1.1.5/lib/mongrel.rb:268:in `run'
 /Library/Ruby/Gems/1.8/gems/rack-1.3.2/lib/rack/handler/mongrel.rb:38:in `run'
 /Library/Ruby/Gems/1.8/gems/sinatra-1.2.6/lib/sinatra/base.rb:1234:in `run!'
 ../bin/minecraftctlserver:235:in `run'
 /Library/Ruby/Gems/1.8/gems/main-4.7.3/lib/main/program/class_methods.rb:155:in `run!'
 /Library/Ruby/Gems/1.8/gems/main-4.7.3/lib/main/program/class_methods.rb:155:in `run'
 /Library/Ruby/Gems/1.8/gems/main-4.7.3/lib/main/program/class_methods.rb:144:in `catch'
 /Library/Ruby/Gems/1.8/gems/main-4.7.3/lib/main/program/class_methods.rb:144:in `run'
 /Library/Ruby/Gems/1.8/gems/main-4.7.3/lib/main/factories.rb:18:in `run'
 /Library/Ruby/Gems/1.8/gems/main-4.7.3/lib/main/factories.rb:25:in `Main'
 ../bin/minecraftctlserver:73
Wed Sep 21 20:47:06 +0200 2011: Reaping 1 threads for slow workers because of 'shutdown'
Waiting for 1 requests to finish, could take 60.0 seconds.
== Sinatra/1.2.6 has taken the stage on 25560 for production with backup from Mongrel
== Someone is already performing on port 25560!
== Sinatra/1.2.6 has taken the stage on 25560 for production with backup from Mongrel

== Sinatra has ended his set (crowd applauds)
SyntaxError - compile error
../bin/minecraftctlserver:211: syntax error, unexpected ':', expecting ')'
...ft server is running with pid: @pid
                              ^:
 ../bin/minecraftctlserver:216:in `evaluate_source'
 /Library/Ruby/Gems/1.8/gems/tilt-1.3.3/lib/tilt/template.rb:144:in `cached_evaluate'
 /Library/Ruby/Gems/1.8/gems/tilt-1.3.3/lib/tilt/template.rb:127:in `evaluate'
 /Library/Ruby/Gems/1.8/gems/tilt-1.3.3/lib/tilt/haml.rb:24:in `evaluate'
 /Library/Ruby/Gems/1.8/gems/tilt-1.3.3/lib/tilt/template.rb:76:in `render'
 /Library/Ruby/Gems/1.8/gems/sinatra-1.2.6/lib/sinatra/base.rb:563:in `render'
 /Library/Ruby/Gems/1.8/gems/sinatra-1.2.6/lib/sinatra/base.rb:463:in `haml'
 ../bin/minecraftctlserver:195:in `GET /status'
 /Library/Ruby/Gems/1.8/gems/sinatra-1.2.6/lib/sinatra/base.rb:1151:in `call'
 /Library/Ruby/Gems/1.8/gems/sinatra-1.2.6/lib/sinatra/base.rb:1151:in `compile!'
 /Library/Ruby/Gems/1.8/gems/sinatra-1.2.6/lib/sinatra/base.rb:724:in `instance_eval'
 /Library/Ruby/Gems/1.8/gems/sinatra-1.2.6/lib/sinatra/base.rb:724:in `route_eval'
 /Library/Ruby/Gems/1.8/gems/sinatra-1.2.6/lib/sinatra/base.rb:708:in `route!'
 /Library/Ruby/Gems/1.8/gems/sinatra-1.2.6/lib/sinatra/base.rb:758:in `process_route'
 /Library/Ruby/Gems/1.8/gems/sinatra-1.2.6/lib/sinatra/base.rb:755:in `catch'
 /Library/Ruby/Gems/1.8/gems/sinatra-1.2.6/lib/sinatra/base.rb:755:in `process_route'
 /Library/Ruby/Gems/1.8/gems/sinatra-1.2.6/lib/sinatra/base.rb:707:in `route!'
 /Library/Ruby/Gems/1.8/gems/sinatra-1.2.6/lib/sinatra/base.rb:706:in `each'
 /Library/Ruby/Gems/1.8/gems/sinatra-1.2.6/lib/sinatra/base.rb:706:in `route!'
 /Library/Ruby/Gems/1.8/gems/sinatra-1.2.6/lib/sinatra/base.rb:843:in `dispatch!'
 /Library/Ruby/Gems/1.8/gems/sinatra-1.2.6/lib/sinatra/base.rb:644:in `call!'
 /Library/Ruby/Gems/1.8/gems/sinatra-1.2.6/lib/sinatra/base.rb:808:in `instance_eval'
 /Library/Ruby/Gems/1.8/gems/sinatra-1.2.6/lib/sinatra/base.rb:808:in `invoke'
 /Library/Ruby/Gems/1.8/gems/sinatra-1.2.6/lib/sinatra/base.rb:808:in `catch'
 /Library/Ruby/Gems/1.8/gems/sinatra-1.2.6/lib/sinatra/base.rb:808:in `invoke'
 /Library/Ruby/Gems/1.8/gems/sinatra-1.2.6/lib/sinatra/base.rb:644:in `call!'
 /Library/Ruby/Gems/1.8/gems/sinatra-1.2.6/lib/sinatra/base.rb:629:in `call'
 /Library/Ruby/Gems/1.8/gems/rack-1.3.2/lib/rack/head.rb:9:in `call'
 /Library/Ruby/Gems/1.8/gems/sinatra-1.2.6/lib/sinatra/base.rb:1272:in `call'
 /Library/Ruby/Gems/1.8/gems/sinatra-1.2.6/lib/sinatra/base.rb:1303:in `synchronize'
 /Library/Ruby/Gems/1.8/gems/sinatra-1.2.6/lib/sinatra/base.rb:1272:in `call'
 /Library/Ruby/Gems/1.8/gems/rack-1.3.2/lib/rack/handler/mongrel.rb:77:in `process'
 /System/Library/Frameworks/Ruby.framework/Versions/1.8/usr/lib/ruby/gems/1.8/gems/mongrel-1.1.5/lib/mongrel.rb:159:in `process_client'
 /System/Library/Frameworks/Ruby.framework/Versions/1.8/usr/lib/ruby/gems/1.8/gems/mongrel-1.1.5/lib/mongrel.rb:158:in `each'
 /System/Library/Frameworks/Ruby.framework/Versions/1.8/usr/lib/ruby/gems/1.8/gems/mongrel-1.1.5/lib/mongrel.rb:158:in `process_client'
 /System/Library/Frameworks/Ruby.framework/Versions/1.8/usr/lib/ruby/gems/1.8/gems/mongrel-1.1.5/lib/mongrel.rb:285:in `run'
 /System/Library/Frameworks/Ruby.framework/Versions/1.8/usr/lib/ruby/gems/1.8/gems/mongrel-1.1.5/lib/mongrel.rb:285:in `initialize'
 /System/Library/Frameworks/Ruby.framework/Versions/1.8/usr/lib/ruby/gems/1.8/gems/mongrel-1.1.5/lib/mongrel.rb:285:in `new'
 /System/Library/Frameworks/Ruby.framework/Versions/1.8/usr/lib/ruby/gems/1.8/gems/mongrel-1.1.5/lib/mongrel.rb:285:in `run'
 /System/Library/Frameworks/Ruby.framework/Versions/1.8/usr/lib/ruby/gems/1.8/gems/mongrel-1.1.5/lib/mongrel.rb:268:in `initialize'
 /System/Library/Frameworks/Ruby.framework/Versions/1.8/usr/lib/ruby/gems/1.8/gems/mongrel-1.1.5/lib/mongrel.rb:268:in `new'
 /System/Library/Frameworks/Ruby.framework/Versions/1.8/usr/lib/ruby/gems/1.8/gems/mongrel-1.1.5/lib/mongrel.rb:268:in `run'
 /Library/Ruby/Gems/1.8/gems/rack-1.3.2/lib/rack/handler/mongrel.rb:38:in `run'
 /Library/Ruby/Gems/1.8/gems/sinatra-1.2.6/lib/sinatra/base.rb:1234:in `run!'
 ../bin/minecraftctlserver:235:in `run'
 /Library/Ruby/Gems/1.8/gems/main-4.7.3/lib/main/program/class_methods.rb:155:in `run!'
 /Library/Ruby/Gems/1.8/gems/main-4.7.3/lib/main/program/class_methods.rb:155:in `run'
 /Library/Ruby/Gems/1.8/gems/main-4.7.3/lib/main/program/class_methods.rb:144:in `catch'
 /Library/Ruby/Gems/1.8/gems/main-4.7.3/lib/main/program/class_methods.rb:144:in `run'
 /Library/Ruby/Gems/1.8/gems/main-4.7.3/lib/main/factories.rb:18:in `run'
 /Library/Ruby/Gems/1.8/gems/main-4.7.3/lib/main/factories.rb:25:in `Main'
 ../bin/minecraftctlserver:73
SyntaxError - compile error
../bin/minecraftctlserver:213: syntax error, unexpected ':', expecting ')'
...ft server is running with pid: @pid
                              ^:
 ../bin/minecraftctlserver:223:in `compile_template_method'
 /Library/Ruby/Gems/1.8/gems/tilt-1.3.3/lib/tilt/template.rb:202:in `compiled_method'
 /Library/Ruby/Gems/1.8/gems/tilt-1.3.3/lib/tilt/template.rb:139:in `cached_evaluate'
 /Library/Ruby/Gems/1.8/gems/tilt-1.3.3/lib/tilt/template.rb:127:in `evaluate'
 /Library/Ruby/Gems/1.8/gems/tilt-1.3.3/lib/tilt/haml.rb:24:in `evaluate'
 /Library/Ruby/Gems/1.8/gems/tilt-1.3.3/lib/tilt/template.rb:76:in `render'
 /Library/Ruby/Gems/1.8/gems/sinatra-1.2.6/lib/sinatra/base.rb:563:in `render'
 /Library/Ruby/Gems/1.8/gems/sinatra-1.2.6/lib/sinatra/base.rb:463:in `haml'
 ../bin/minecraftctlserver:195:in `GET /status'
 /Library/Ruby/Gems/1.8/gems/sinatra-1.2.6/lib/sinatra/base.rb:1151:in `call'
 /Library/Ruby/Gems/1.8/gems/sinatra-1.2.6/lib/sinatra/base.rb:1151:in `compile!'
 /Library/Ruby/Gems/1.8/gems/sinatra-1.2.6/lib/sinatra/base.rb:724:in `instance_eval'
 /Library/Ruby/Gems/1.8/gems/sinatra-1.2.6/lib/sinatra/base.rb:724:in `route_eval'
 /Library/Ruby/Gems/1.8/gems/sinatra-1.2.6/lib/sinatra/base.rb:708:in `route!'
 /Library/Ruby/Gems/1.8/gems/sinatra-1.2.6/lib/sinatra/base.rb:758:in `process_route'
 /Library/Ruby/Gems/1.8/gems/sinatra-1.2.6/lib/sinatra/base.rb:755:in `catch'
 /Library/Ruby/Gems/1.8/gems/sinatra-1.2.6/lib/sinatra/base.rb:755:in `process_route'
 /Library/Ruby/Gems/1.8/gems/sinatra-1.2.6/lib/sinatra/base.rb:707:in `route!'
 /Library/Ruby/Gems/1.8/gems/sinatra-1.2.6/lib/sinatra/base.rb:706:in `each'
 /Library/Ruby/Gems/1.8/gems/sinatra-1.2.6/lib/sinatra/base.rb:706:in `route!'
 /Library/Ruby/Gems/1.8/gems/sinatra-1.2.6/lib/sinatra/base.rb:843:in `dispatch!'
 /Library/Ruby/Gems/1.8/gems/sinatra-1.2.6/lib/sinatra/base.rb:644:in `call!'
 /Library/Ruby/Gems/1.8/gems/sinatra-1.2.6/lib/sinatra/base.rb:808:in `instance_eval'
 /Library/Ruby/Gems/1.8/gems/sinatra-1.2.6/lib/sinatra/base.rb:808:in `invoke'
 /Library/Ruby/Gems/1.8/gems/sinatra-1.2.6/lib/sinatra/base.rb:808:in `catch'
 /Library/Ruby/Gems/1.8/gems/sinatra-1.2.6/lib/sinatra/base.rb:808:in `invoke'
 /Library/Ruby/Gems/1.8/gems/sinatra-1.2.6/lib/sinatra/base.rb:644:in `call!'
 /Library/Ruby/Gems/1.8/gems/sinatra-1.2.6/lib/sinatra/base.rb:629:in `call'
 /Library/Ruby/Gems/1.8/gems/rack-1.3.2/lib/rack/head.rb:9:in `call'
 /Library/Ruby/Gems/1.8/gems/sinatra-1.2.6/lib/sinatra/base.rb:1272:in `call'
 /Library/Ruby/Gems/1.8/gems/sinatra-1.2.6/lib/sinatra/base.rb:1303:in `synchronize'
 /Library/Ruby/Gems/1.8/gems/sinatra-1.2.6/lib/sinatra/base.rb:1272:in `call'
 /Library/Ruby/Gems/1.8/gems/rack-1.3.2/lib/rack/handler/mongrel.rb:77:in `process'
 /System/Library/Frameworks/Ruby.framework/Versions/1.8/usr/lib/ruby/gems/1.8/gems/mongrel-1.1.5/lib/mongrel.rb:159:in `process_client'
 /System/Library/Frameworks/Ruby.framework/Versions/1.8/usr/lib/ruby/gems/1.8/gems/mongrel-1.1.5/lib/mongrel.rb:158:in `each'
 /System/Library/Frameworks/Ruby.framework/Versions/1.8/usr/lib/ruby/gems/1.8/gems/mongrel-1.1.5/lib/mongrel.rb:158:in `process_client'
 /System/Library/Frameworks/Ruby.framework/Versions/1.8/usr/lib/ruby/gems/1.8/gems/mongrel-1.1.5/lib/mongrel.rb:285:in `run'
 /System/Library/Frameworks/Ruby.framework/Versions/1.8/usr/lib/ruby/gems/1.8/gems/mongrel-1.1.5/lib/mongrel.rb:285:in `initialize'
 /System/Library/Frameworks/Ruby.framework/Versions/1.8/usr/lib/ruby/gems/1.8/gems/mongrel-1.1.5/lib/mongrel.rb:285:in `new'
 /System/Library/Frameworks/Ruby.framework/Versions/1.8/usr/lib/ruby/gems/1.8/gems/mongrel-1.1.5/lib/mongrel.rb:285:in `run'
 /System/Library/Frameworks/Ruby.framework/Versions/1.8/usr/lib/ruby/gems/1.8/gems/mongrel-1.1.5/lib/mongrel.rb:268:in `initialize'
 /System/Library/Frameworks/Ruby.framework/Versions/1.8/usr/lib/ruby/gems/1.8/gems/mongrel-1.1.5/lib/mongrel.rb:268:in `new'
 /System/Library/Frameworks/Ruby.framework/Versions/1.8/usr/lib/ruby/gems/1.8/gems/mongrel-1.1.5/lib/mongrel.rb:268:in `run'
 /Library/Ruby/Gems/1.8/gems/rack-1.3.2/lib/rack/handler/mongrel.rb:38:in `run'
 /Library/Ruby/Gems/1.8/gems/sinatra-1.2.6/lib/sinatra/base.rb:1234:in `run!'
 ../bin/minecraftctlserver:235:in `run'
 /Library/Ruby/Gems/1.8/gems/main-4.7.3/lib/main/program/class_methods.rb:155:in `run!'
 /Library/Ruby/Gems/1.8/gems/main-4.7.3/lib/main/program/class_methods.rb:155:in `run'
 /Library/Ruby/Gems/1.8/gems/main-4.7.3/lib/main/program/class_methods.rb:144:in `catch'
 /Library/Ruby/Gems/1.8/gems/main-4.7.3/lib/main/program/class_methods.rb:144:in `run'
 /Library/Ruby/Gems/1.8/gems/main-4.7.3/lib/main/factories.rb:18:in `run'
 /Library/Ruby/Gems/1.8/gems/main-4.7.3/lib/main/factories.rb:25:in `Main'
 ../bin/minecraftctlserver:73
Wed Sep 21 20:47:45 +0200 2011: Reaping 1 threads for slow workers because of 'shutdown'
Waiting for 1 requests to finish, could take 60.0 seconds.
== Sinatra/1.2.6 has taken the stage on 25560 for production with backup from Mongrel

== Sinatra has ended his set (crowd applauds)
SyntaxError - compile error
../bin/minecraftctlserver:211: syntax error, unexpected ':', expecting ')'
...ft server is running with pid: @pid
                              ^:
 ../bin/minecraftctlserver:216:in `evaluate_source'
 /Library/Ruby/Gems/1.8/gems/tilt-1.3.3/lib/tilt/template.rb:144:in `cached_evaluate'
 /Library/Ruby/Gems/1.8/gems/tilt-1.3.3/lib/tilt/template.rb:127:in `evaluate'
 /Library/Ruby/Gems/1.8/gems/tilt-1.3.3/lib/tilt/haml.rb:24:in `evaluate'
 /Library/Ruby/Gems/1.8/gems/tilt-1.3.3/lib/tilt/template.rb:76:in `render'
 /Library/Ruby/Gems/1.8/gems/sinatra-1.2.6/lib/sinatra/base.rb:563:in `render'
 /Library/Ruby/Gems/1.8/gems/sinatra-1.2.6/lib/sinatra/base.rb:463:in `haml'
 ../bin/minecraftctlserver:195:in `GET /status'
 /Library/Ruby/Gems/1.8/gems/sinatra-1.2.6/lib/sinatra/base.rb:1151:in `call'
 /Library/Ruby/Gems/1.8/gems/sinatra-1.2.6/lib/sinatra/base.rb:1151:in `compile!'
 /Library/Ruby/Gems/1.8/gems/sinatra-1.2.6/lib/sinatra/base.rb:724:in `instance_eval'
 /Library/Ruby/Gems/1.8/gems/sinatra-1.2.6/lib/sinatra/base.rb:724:in `route_eval'
 /Library/Ruby/Gems/1.8/gems/sinatra-1.2.6/lib/sinatra/base.rb:708:in `route!'
 /Library/Ruby/Gems/1.8/gems/sinatra-1.2.6/lib/sinatra/base.rb:758:in `process_route'
 /Library/Ruby/Gems/1.8/gems/sinatra-1.2.6/lib/sinatra/base.rb:755:in `catch'
 /Library/Ruby/Gems/1.8/gems/sinatra-1.2.6/lib/sinatra/base.rb:755:in `process_route'
 /Library/Ruby/Gems/1.8/gems/sinatra-1.2.6/lib/sinatra/base.rb:707:in `route!'
 /Library/Ruby/Gems/1.8/gems/sinatra-1.2.6/lib/sinatra/base.rb:706:in `each'
 /Library/Ruby/Gems/1.8/gems/sinatra-1.2.6/lib/sinatra/base.rb:706:in `route!'
 /Library/Ruby/Gems/1.8/gems/sinatra-1.2.6/lib/sinatra/base.rb:843:in `dispatch!'
 /Library/Ruby/Gems/1.8/gems/sinatra-1.2.6/lib/sinatra/base.rb:644:in `call!'
 /Library/Ruby/Gems/1.8/gems/sinatra-1.2.6/lib/sinatra/base.rb:808:in `instance_eval'
 /Library/Ruby/Gems/1.8/gems/sinatra-1.2.6/lib/sinatra/base.rb:808:in `invoke'
 /Library/Ruby/Gems/1.8/gems/sinatra-1.2.6/lib/sinatra/base.rb:808:in `catch'
 /Library/Ruby/Gems/1.8/gems/sinatra-1.2.6/lib/sinatra/base.rb:808:in `invoke'
 /Library/Ruby/Gems/1.8/gems/sinatra-1.2.6/lib/sinatra/base.rb:644:in `call!'
 /Library/Ruby/Gems/1.8/gems/sinatra-1.2.6/lib/sinatra/base.rb:629:in `call'
 /Library/Ruby/Gems/1.8/gems/rack-1.3.2/lib/rack/head.rb:9:in `call'
 /Library/Ruby/Gems/1.8/gems/sinatra-1.2.6/lib/sinatra/base.rb:1272:in `call'
 /Library/Ruby/Gems/1.8/gems/sinatra-1.2.6/lib/sinatra/base.rb:1303:in `synchronize'
 /Library/Ruby/Gems/1.8/gems/sinatra-1.2.6/lib/sinatra/base.rb:1272:in `call'
 /Library/Ruby/Gems/1.8/gems/rack-1.3.2/lib/rack/handler/mongrel.rb:77:in `process'
 /System/Library/Frameworks/Ruby.framework/Versions/1.8/usr/lib/ruby/gems/1.8/gems/mongrel-1.1.5/lib/mongrel.rb:159:in `process_client'
 /System/Library/Frameworks/Ruby.framework/Versions/1.8/usr/lib/ruby/gems/1.8/gems/mongrel-1.1.5/lib/mongrel.rb:158:in `each'
 /System/Library/Frameworks/Ruby.framework/Versions/1.8/usr/lib/ruby/gems/1.8/gems/mongrel-1.1.5/lib/mongrel.rb:158:in `process_client'
 /System/Library/Frameworks/Ruby.framework/Versions/1.8/usr/lib/ruby/gems/1.8/gems/mongrel-1.1.5/lib/mongrel.rb:285:in `run'
 /System/Library/Frameworks/Ruby.framework/Versions/1.8/usr/lib/ruby/gems/1.8/gems/mongrel-1.1.5/lib/mongrel.rb:285:in `initialize'
 /System/Library/Frameworks/Ruby.framework/Versions/1.8/usr/lib/ruby/gems/1.8/gems/mongrel-1.1.5/lib/mongrel.rb:285:in `new'
 /System/Library/Frameworks/Ruby.framework/Versions/1.8/usr/lib/ruby/gems/1.8/gems/mongrel-1.1.5/lib/mongrel.rb:285:in `run'
 /System/Library/Frameworks/Ruby.framework/Versions/1.8/usr/lib/ruby/gems/1.8/gems/mongrel-1.1.5/lib/mongrel.rb:268:in `initialize'
 /System/Library/Frameworks/Ruby.framework/Versions/1.8/usr/lib/ruby/gems/1.8/gems/mongrel-1.1.5/lib/mongrel.rb:268:in `new'
 /System/Library/Frameworks/Ruby.framework/Versions/1.8/usr/lib/ruby/gems/1.8/gems/mongrel-1.1.5/lib/mongrel.rb:268:in `run'
 /Library/Ruby/Gems/1.8/gems/rack-1.3.2/lib/rack/handler/mongrel.rb:38:in `run'
 /Library/Ruby/Gems/1.8/gems/sinatra-1.2.6/lib/sinatra/base.rb:1234:in `run!'
 ../bin/minecraftctlserver:236:in `run'
 /Library/Ruby/Gems/1.8/gems/main-4.7.3/lib/main/program/class_methods.rb:155:in `run!'
 /Library/Ruby/Gems/1.8/gems/main-4.7.3/lib/main/program/class_methods.rb:155:in `run'
 /Library/Ruby/Gems/1.8/gems/main-4.7.3/lib/main/program/class_methods.rb:144:in `catch'
 /Library/Ruby/Gems/1.8/gems/main-4.7.3/lib/main/program/class_methods.rb:144:in `run'
 /Library/Ruby/Gems/1.8/gems/main-4.7.3/lib/main/factories.rb:18:in `run'
 /Library/Ruby/Gems/1.8/gems/main-4.7.3/lib/main/factories.rb:25:in `Main'
 ../bin/minecraftctlserver:73
Wed Sep 21 20:50:57 +0200 2011: Reaping 1 threads for slow workers because of 'shutdown'
Waiting for 1 requests to finish, could take 60.0 seconds.
== Sinatra/1.2.6 has taken the stage on 25560 for production with backup from Mongrel
== Someone is already performing on port 25560!
== Sinatra/1.2.6 has taken the stage on 25560 for production with backup from Mongrel

== Sinatra has ended his set (crowd applauds)
SyntaxError - compile error
../bin/minecraftctlserver:211: syntax error, unexpected ':', expecting ')'
...ft server is running with pid: @pid
                              ^:
 ../bin/minecraftctlserver:216:in `evaluate_source'
 /Library/Ruby/Gems/1.8/gems/tilt-1.3.3/lib/tilt/template.rb:144:in `cached_evaluate'
 /Library/Ruby/Gems/1.8/gems/tilt-1.3.3/lib/tilt/template.rb:127:in `evaluate'
 /Library/Ruby/Gems/1.8/gems/tilt-1.3.3/lib/tilt/haml.rb:24:in `evaluate'
 /Library/Ruby/Gems/1.8/gems/tilt-1.3.3/lib/tilt/template.rb:76:in `render'
 /Library/Ruby/Gems/1.8/gems/sinatra-1.2.6/lib/sinatra/base.rb:563:in `render'
 /Library/Ruby/Gems/1.8/gems/sinatra-1.2.6/lib/sinatra/base.rb:463:in `haml'
 ../bin/minecraftctlserver:195:in `GET /status'
 /Library/Ruby/Gems/1.8/gems/sinatra-1.2.6/lib/sinatra/base.rb:1151:in `call'
 /Library/Ruby/Gems/1.8/gems/sinatra-1.2.6/lib/sinatra/base.rb:1151:in `compile!'
 /Library/Ruby/Gems/1.8/gems/sinatra-1.2.6/lib/sinatra/base.rb:724:in `instance_eval'
 /Library/Ruby/Gems/1.8/gems/sinatra-1.2.6/lib/sinatra/base.rb:724:in `route_eval'
 /Library/Ruby/Gems/1.8/gems/sinatra-1.2.6/lib/sinatra/base.rb:708:in `route!'
 /Library/Ruby/Gems/1.8/gems/sinatra-1.2.6/lib/sinatra/base.rb:758:in `process_route'
 /Library/Ruby/Gems/1.8/gems/sinatra-1.2.6/lib/sinatra/base.rb:755:in `catch'
 /Library/Ruby/Gems/1.8/gems/sinatra-1.2.6/lib/sinatra/base.rb:755:in `process_route'
 /Library/Ruby/Gems/1.8/gems/sinatra-1.2.6/lib/sinatra/base.rb:707:in `route!'
 /Library/Ruby/Gems/1.8/gems/sinatra-1.2.6/lib/sinatra/base.rb:706:in `each'
 /Library/Ruby/Gems/1.8/gems/sinatra-1.2.6/lib/sinatra/base.rb:706:in `route!'
 /Library/Ruby/Gems/1.8/gems/sinatra-1.2.6/lib/sinatra/base.rb:843:in `dispatch!'
 /Library/Ruby/Gems/1.8/gems/sinatra-1.2.6/lib/sinatra/base.rb:644:in `call!'
 /Library/Ruby/Gems/1.8/gems/sinatra-1.2.6/lib/sinatra/base.rb:808:in `instance_eval'
 /Library/Ruby/Gems/1.8/gems/sinatra-1.2.6/lib/sinatra/base.rb:808:in `invoke'
 /Library/Ruby/Gems/1.8/gems/sinatra-1.2.6/lib/sinatra/base.rb:808:in `catch'
 /Library/Ruby/Gems/1.8/gems/sinatra-1.2.6/lib/sinatra/base.rb:808:in `invoke'
 /Library/Ruby/Gems/1.8/gems/sinatra-1.2.6/lib/sinatra/base.rb:644:in `call!'
 /Library/Ruby/Gems/1.8/gems/sinatra-1.2.6/lib/sinatra/base.rb:629:in `call'
 /Library/Ruby/Gems/1.8/gems/rack-1.3.2/lib/rack/head.rb:9:in `call'
 /Library/Ruby/Gems/1.8/gems/sinatra-1.2.6/lib/sinatra/base.rb:1272:in `call'
 /Library/Ruby/Gems/1.8/gems/sinatra-1.2.6/lib/sinatra/base.rb:1303:in `synchronize'
 /Library/Ruby/Gems/1.8/gems/sinatra-1.2.6/lib/sinatra/base.rb:1272:in `call'
 /Library/Ruby/Gems/1.8/gems/rack-1.3.2/lib/rack/handler/mongrel.rb:77:in `process'
 /System/Library/Frameworks/Ruby.framework/Versions/1.8/usr/lib/ruby/gems/1.8/gems/mongrel-1.1.5/lib/mongrel.rb:159:in `process_client'
 /System/Library/Frameworks/Ruby.framework/Versions/1.8/usr/lib/ruby/gems/1.8/gems/mongrel-1.1.5/lib/mongrel.rb:158:in `each'
 /System/Library/Frameworks/Ruby.framework/Versions/1.8/usr/lib/ruby/gems/1.8/gems/mongrel-1.1.5/lib/mongrel.rb:158:in `process_client'
 /System/Library/Frameworks/Ruby.framework/Versions/1.8/usr/lib/ruby/gems/1.8/gems/mongrel-1.1.5/lib/mongrel.rb:285:in `run'
 /System/Library/Frameworks/Ruby.framework/Versions/1.8/usr/lib/ruby/gems/1.8/gems/mongrel-1.1.5/lib/mongrel.rb:285:in `initialize'
 /System/Library/Frameworks/Ruby.framework/Versions/1.8/usr/lib/ruby/gems/1.8/gems/mongrel-1.1.5/lib/mongrel.rb:285:in `new'
 /System/Library/Frameworks/Ruby.framework/Versions/1.8/usr/lib/ruby/gems/1.8/gems/mongrel-1.1.5/lib/mongrel.rb:285:in `run'
 /System/Library/Frameworks/Ruby.framework/Versions/1.8/usr/lib/ruby/gems/1.8/gems/mongrel-1.1.5/lib/mongrel.rb:268:in `initialize'
 /System/Library/Frameworks/Ruby.framework/Versions/1.8/usr/lib/ruby/gems/1.8/gems/mongrel-1.1.5/lib/mongrel.rb:268:in `new'
 /System/Library/Frameworks/Ruby.framework/Versions/1.8/usr/lib/ruby/gems/1.8/gems/mongrel-1.1.5/lib/mongrel.rb:268:in `run'
 /Library/Ruby/Gems/1.8/gems/rack-1.3.2/lib/rack/handler/mongrel.rb:38:in `run'
 /Library/Ruby/Gems/1.8/gems/sinatra-1.2.6/lib/sinatra/base.rb:1234:in `run!'
 ../bin/minecraftctlserver:235:in `run'
 /Library/Ruby/Gems/1.8/gems/main-4.7.3/lib/main/program/class_methods.rb:155:in `run!'
 /Library/Ruby/Gems/1.8/gems/main-4.7.3/lib/main/program/class_methods.rb:155:in `run'
 /Library/Ruby/Gems/1.8/gems/main-4.7.3/lib/main/program/class_methods.rb:144:in `catch'
 /Library/Ruby/Gems/1.8/gems/main-4.7.3/lib/main/program/class_methods.rb:144:in `run'
 /Library/Ruby/Gems/1.8/gems/main-4.7.3/lib/main/factories.rb:18:in `run'
 /Library/Ruby/Gems/1.8/gems/main-4.7.3/lib/main/factories.rb:25:in `Main'
 ../bin/minecraftctlserver:73
Wed Sep 21 20:52:42 +0200 2011: Reaping 1 threads for slow workers because of 'shutdown'
Waiting for 1 requests to finish, could take 60.0 seconds.
== Sinatra/1.2.6 has taken the stage on 25560 for production with backup from Mongrel
== Someone is already performing on port 25560!
== Sinatra/1.2.6 has taken the stage on 25560 for production with backup from Mongrel

== Sinatra has ended his set (crowd applauds)
SyntaxError - compile error
../bin/minecraftctlserver:211: syntax error, unexpected ':', expecting ')'
...ft server is running with pid: @pid
                              ^:
 ../bin/minecraftctlserver:216:in `evaluate_source'
 /Library/Ruby/Gems/1.8/gems/tilt-1.3.3/lib/tilt/template.rb:144:in `cached_evaluate'
 /Library/Ruby/Gems/1.8/gems/tilt-1.3.3/lib/tilt/template.rb:127:in `evaluate'
 /Library/Ruby/Gems/1.8/gems/tilt-1.3.3/lib/tilt/haml.rb:24:in `evaluate'
 /Library/Ruby/Gems/1.8/gems/tilt-1.3.3/lib/tilt/template.rb:76:in `render'
 /Library/Ruby/Gems/1.8/gems/sinatra-1.2.6/lib/sinatra/base.rb:563:in `render'
 /Library/Ruby/Gems/1.8/gems/sinatra-1.2.6/lib/sinatra/base.rb:463:in `haml'
 ../bin/minecraftctlserver:195:in `GET /status'
 /Library/Ruby/Gems/1.8/gems/sinatra-1.2.6/lib/sinatra/base.rb:1151:in `call'
 /Library/Ruby/Gems/1.8/gems/sinatra-1.2.6/lib/sinatra/base.rb:1151:in `compile!'
 /Library/Ruby/Gems/1.8/gems/sinatra-1.2.6/lib/sinatra/base.rb:724:in `instance_eval'
 /Library/Ruby/Gems/1.8/gems/sinatra-1.2.6/lib/sinatra/base.rb:724:in `route_eval'
 /Library/Ruby/Gems/1.8/gems/sinatra-1.2.6/lib/sinatra/base.rb:708:in `route!'
 /Library/Ruby/Gems/1.8/gems/sinatra-1.2.6/lib/sinatra/base.rb:758:in `process_route'
 /Library/Ruby/Gems/1.8/gems/sinatra-1.2.6/lib/sinatra/base.rb:755:in `catch'
 /Library/Ruby/Gems/1.8/gems/sinatra-1.2.6/lib/sinatra/base.rb:755:in `process_route'
 /Library/Ruby/Gems/1.8/gems/sinatra-1.2.6/lib/sinatra/base.rb:707:in `route!'
 /Library/Ruby/Gems/1.8/gems/sinatra-1.2.6/lib/sinatra/base.rb:706:in `each'
 /Library/Ruby/Gems/1.8/gems/sinatra-1.2.6/lib/sinatra/base.rb:706:in `route!'
 /Library/Ruby/Gems/1.8/gems/sinatra-1.2.6/lib/sinatra/base.rb:843:in `dispatch!'
 /Library/Ruby/Gems/1.8/gems/sinatra-1.2.6/lib/sinatra/base.rb:644:in `call!'
 /Library/Ruby/Gems/1.8/gems/sinatra-1.2.6/lib/sinatra/base.rb:808:in `instance_eval'
 /Library/Ruby/Gems/1.8/gems/sinatra-1.2.6/lib/sinatra/base.rb:808:in `invoke'
 /Library/Ruby/Gems/1.8/gems/sinatra-1.2.6/lib/sinatra/base.rb:808:in `catch'
 /Library/Ruby/Gems/1.8/gems/sinatra-1.2.6/lib/sinatra/base.rb:808:in `invoke'
 /Library/Ruby/Gems/1.8/gems/sinatra-1.2.6/lib/sinatra/base.rb:644:in `call!'
 /Library/Ruby/Gems/1.8/gems/sinatra-1.2.6/lib/sinatra/base.rb:629:in `call'
 /Library/Ruby/Gems/1.8/gems/rack-1.3.2/lib/rack/head.rb:9:in `call'
 /Library/Ruby/Gems/1.8/gems/sinatra-1.2.6/lib/sinatra/base.rb:1272:in `call'
 /Library/Ruby/Gems/1.8/gems/sinatra-1.2.6/lib/sinatra/base.rb:1303:in `synchronize'
 /Library/Ruby/Gems/1.8/gems/sinatra-1.2.6/lib/sinatra/base.rb:1272:in `call'
 /Library/Ruby/Gems/1.8/gems/rack-1.3.2/lib/rack/handler/mongrel.rb:77:in `process'
 /System/Library/Frameworks/Ruby.framework/Versions/1.8/usr/lib/ruby/gems/1.8/gems/mongrel-1.1.5/lib/mongrel.rb:159:in `process_client'
 /System/Library/Frameworks/Ruby.framework/Versions/1.8/usr/lib/ruby/gems/1.8/gems/mongrel-1.1.5/lib/mongrel.rb:158:in `each'
 /System/Library/Frameworks/Ruby.framework/Versions/1.8/usr/lib/ruby/gems/1.8/gems/mongrel-1.1.5/lib/mongrel.rb:158:in `process_client'
 /System/Library/Frameworks/Ruby.framework/Versions/1.8/usr/lib/ruby/gems/1.8/gems/mongrel-1.1.5/lib/mongrel.rb:285:in `run'
 /System/Library/Frameworks/Ruby.framework/Versions/1.8/usr/lib/ruby/gems/1.8/gems/mongrel-1.1.5/lib/mongrel.rb:285:in `initialize'
 /System/Library/Frameworks/Ruby.framework/Versions/1.8/usr/lib/ruby/gems/1.8/gems/mongrel-1.1.5/lib/mongrel.rb:285:in `new'
 /System/Library/Frameworks/Ruby.framework/Versions/1.8/usr/lib/ruby/gems/1.8/gems/mongrel-1.1.5/lib/mongrel.rb:285:in `run'
 /System/Library/Frameworks/Ruby.framework/Versions/1.8/usr/lib/ruby/gems/1.8/gems/mongrel-1.1.5/lib/mongrel.rb:268:in `initialize'
 /System/Library/Frameworks/Ruby.framework/Versions/1.8/usr/lib/ruby/gems/1.8/gems/mongrel-1.1.5/lib/mongrel.rb:268:in `new'
 /System/Library/Frameworks/Ruby.framework/Versions/1.8/usr/lib/ruby/gems/1.8/gems/mongrel-1.1.5/lib/mongrel.rb:268:in `run'
 /Library/Ruby/Gems/1.8/gems/rack-1.3.2/lib/rack/handler/mongrel.rb:38:in `run'
 /Library/Ruby/Gems/1.8/gems/sinatra-1.2.6/lib/sinatra/base.rb:1234:in `run!'
 ../bin/minecraftctlserver:235:in `run'
 /Library/Ruby/Gems/1.8/gems/main-4.7.3/lib/main/program/class_methods.rb:155:in `run!'
 /Library/Ruby/Gems/1.8/gems/main-4.7.3/lib/main/program/class_methods.rb:155:in `run'
 /Library/Ruby/Gems/1.8/gems/main-4.7.3/lib/main/program/class_methods.rb:144:in `catch'
 /Library/Ruby/Gems/1.8/gems/main-4.7.3/lib/main/program/class_methods.rb:144:in `run'
 /Library/Ruby/Gems/1.8/gems/main-4.7.3/lib/main/factories.rb:18:in `run'
 /Library/Ruby/Gems/1.8/gems/main-4.7.3/lib/main/factories.rb:25:in `Main'
 ../bin/minecraftctlserver:73
Wed Sep 21 20:53:12 +0200 2011: Reaping 1 threads for slow workers because of 'shutdown'
Waiting for 1 requests to finish, could take 60.0 seconds.
== Sinatra/1.2.6 has taken the stage on 25560 for production with backup from Mongrel

== Sinatra has ended his set (crowd applauds)
== Sinatra/1.2.6 has taken the stage on 25560 for production with backup from Mongrel
Wed Sep 21 20:54:57 +0200 2011: Reaping 1 threads for slow workers because of 'shutdown'
Waiting for 1 requests to finish, could take 60.0 seconds.

== Sinatra has ended his set (crowd applauds)
[2011-09-21 20:55:39] INFO  WEBrick 1.3.1
[2011-09-21 20:55:39] INFO  ruby 1.8.7 (2009-06-12) [universal-darwin10.0]
[2011-09-21 20:55:39] INFO  WEBrick::HTTPServer#start: pid=15480 port=25560
localhost - - [21/Sep/2011:20:55:39 CEST] "GET /status HTTP/1.1" 200 44
- -> /status
